# JRE version: OpenJDK Runtime Environment Temurin-17.0.17+10 (17.0.17+10) (build 17.0.17+10)
# Java VM: OpenJDK 64-Bit Server VM Temurin-17.0.17+10 (17.0.17+10, mixed mode, sharing, tiered, compressed oops, compressed class ptrs, g1 gc, windows-amd64)
GC Precious Log:
 CPUs: 4 total, 4 available
 Memory: 4005M
 Large Page Support: Disabled
 NUMA Support: Disabled
 Compressed Oops: Enabled (32-bit)
 Heap Region Size: 1M
 Heap Min Capacity: 8M
 Heap Initial Capacity: 64M
 Heap Max Capacity: 1536M
 Pre-touch: Disabled
 Parallel Workers: 4
 Concurrent Workers: 1
 Concurrent Refinement Workers: 4
 Periodic GC: Disabled
Heap:
 garbage-first heap   total 186368K, used 124395K [0x00000000a0000000, 0x0000000100000000)
  region size 1024K, 4 young (4096K), 4 survivors (4096K)
 Metaspace       used 122590K, committed 123392K, reserved 557056K
  class space    used 15876K, committed 16256K, reserved 425984K
GC Heap History (20 events):
Event: 100.251 GC heap after
{Heap after GC invocations=65 (full 0):
 garbage-first heap   total 186368K, used 92376K [0x00000000a0000000, 0x0000000100000000)
  region size 1024K, 8 young (8192K), 8 survivors (8192K)
 Metaspace       used 106015K, committed 106688K, reserved 557056K
  class space    used 13561K, committed 13888K, reserved 425984K
}
Event: 104.600 GC heap before
{Heap before GC invocations=66 (full 0):
 garbage-first heap   total 186368K, used 147672K [0x00000000a0000000, 0x0000000100000000)
  region size 1024K, 61 young (62464K), 8 survivors (8192K)
 Metaspace       used 106390K, committed 107008K, reserved 557056K
  class space    used 13600K, committed 13888K, reserved 425984K
}
Event: 104.656 GC heap after
{Heap after GC invocations=67 (full 0):
 garbage-first heap   total 186368K, used 97958K [0x00000000a0000000, 0x0000000100000000)
  region size 1024K, 6 young (6144K), 6 survivors (6144K)
 Metaspace       used 106390K, committed 107008K, reserved 557056K
  class space    used 13600K, committed 13888K, reserved 425984K
}
Event: 104.732 GC heap before
{Heap before GC invocations=67 (full 0):
 garbage-first heap   total 186368K, used 101030K [0x00000000a0000000, 0x0000000100000000)
  region size 1024K, 9 young (9216K), 6 survivors (6144K)
 Metaspace       used 106394K, committed 107008K, reserved 557056K
  class space    used 13600K, committed 13888K, reserved 425984K
}
Event: 104.745 GC heap after
{Heap after GC invocations=68 (full 0):
 garbage-first heap   total 186368K, used 98190K [0x00000000a0000000, 0x0000000100000000)
  region size 1024K, 1 young (1024K), 1 survivors (1024K)
 Metaspace       used 106394K, committed 107008K, reserved 557056K
  class space    used 13600K, committed 13888K, reserved 425984K
}
Event: 111.696 GC heap before
{Heap before GC invocations=68 (full 0):
 garbage-first heap   total 186368K, used 149390K [0x00000000a0000000, 0x0000000100000000)
  region size 1024K, 51 young (52224K), 1 survivors (1024K)
 Metaspace       used 109538K, committed 110208K, reserved 557056K
  class space    used 14035K, committed 14336K, reserved 425984K
}
Event: 111.811 GC heap after
{Heap after GC invocations=69 (full 0):
 garbage-first heap   total 186368K, used 102064K [0x00000000a0000000, 0x0000000100000000)
  region size 1024K, 5 young (5120K), 5 survivors (5120K)
 Metaspace       used 109538K, committed 110208K, reserved 557056K
  class space    used 14035K, committed 14336K, reserved 425984K
}
Event: 122.415 GC heap before
{Heap before GC invocations=70 (full 0):
 garbage-first heap   total 186368K, used 149168K [0x00000000a0000000, 0x0000000100000000)
  region size 1024K, 53 young (54272K), 5 survivors (5120K)
 Metaspace       used 112550K, committed 113344K, reserved 557056K
  class space    used 14479K, committed 14848K, reserved 425984K
}
Event: 122.527 GC heap after
{Heap after GC invocations=71 (full 0):
 garbage-first heap   total 186368K, used 104805K [0x00000000a0000000, 0x0000000100000000)
  region size 1024K, 4 young (4096K), 4 survivors (4096K)
 Metaspace       used 112550K, committed 113344K, reserved 557056K
  class space    used 14479K, committed 14848K, reserved 425984K
}
Event: 123.246 GC heap before
{Heap before GC invocations=71 (full 0):
 garbage-first heap   total 186368K, used 109925K [0x00000000a0000000, 0x0000000100000000)
  region size 1024K, 9 young (9216K), 4 survivors (4096K)
 Metaspace       used 113010K, committed 113792K, reserved 557056K
  class space    used 14560K, committed 14912K, reserved 425984K
}
Event: 123.413 GC heap after
{Heap after GC invocations=72 (full 0):
 garbage-first heap   total 186368K, used 90557K [0x00000000a0000000, 0x0000000100000000)
  region size 1024K, 1 young (1024K), 1 survivors (1024K)
 Metaspace       used 113010K, committed 113792K, reserved 557056K
  class space    used 14560K, committed 14912K, reserved 425984K
}
Event: 141.172 GC heap before
{Heap before GC invocations=72 (full 0):
 garbage-first heap   total 186368K, used 157117K [0x00000000a0000000, 0x0000000100000000)
  region size 1024K, 59 young (60416K), 1 survivors (1024K)
 Metaspace       used 118272K, committed 119104K, reserved 557056K
  class space    used 15295K, committed 15680K, reserved 425984K
}
Event: 141.202 GC heap after
{Heap after GC invocations=73 (full 0):
 garbage-first heap   total 186368K, used 101626K [0x00000000a0000000, 0x0000000100000000)
  region size 1024K, 5 young (5120K), 5 survivors (5120K)
 Metaspace       used 118272K, committed 119104K, reserved 557056K
  class space    used 15295K, committed 15680K, reserved 425984K
}
Event: 144.748 GC heap before
{Heap before GC invocations=73 (full 0):
 garbage-first heap   total 186368K, used 155898K [0x00000000a0000000, 0x0000000100000000)
  region size 1024K, 55 young (56320K), 5 survivors (5120K)
 Metaspace       used 121327K, committed 122176K, reserved 557056K
  class space    used 15734K, committed 16128K, reserved 425984K
}
Event: 144.781 GC heap after
{Heap after GC invocations=74 (full 0):
 garbage-first heap   total 186368K, used 106469K [0x00000000a0000000, 0x0000000100000000)
  region size 1024K, 3 young (3072K), 3 survivors (3072K)
 Metaspace       used 121327K, committed 122176K, reserved 557056K
  class space    used 15734K, committed 16128K, reserved 425984K
}
Event: 147.935 GC heap before
{Heap before GC invocations=74 (full 0):
 garbage-first heap   total 186368K, used 153573K [0x00000000a0000000, 0x0000000100000000)
  region size 1024K, 50 young (51200K), 3 survivors (3072K)
 Metaspace       used 122405K, committed 123200K, reserved 557056K
  class space    used 15875K, committed 16256K, reserved 425984K
}
Event: 147.964 GC heap after
{Heap after GC invocations=75 (full 0):
 garbage-first heap   total 186368K, used 114817K [0x00000000a0000000, 0x0000000100000000)
  region size 1024K, 7 young (7168K), 7 survivors (7168K)
 Metaspace       used 122405K, committed 123200K, reserved 557056K
  class space    used 15875K, committed 16256K, reserved 425984K
}
Event: 151.299 GC heap before
{Heap before GC invocations=75 (full 0):
 garbage-first heap   total 186368K, used 153729K [0x00000000a0000000, 0x0000000100000000)
  region size 1024K, 44 young (45056K), 7 survivors (7168K)
 Metaspace       used 122459K, committed 123264K, reserved 557056K
  class space    used 15875K, committed 16256K, reserved 425984K
}
Event: 151.386 GC heap after
{Heap after GC invocations=76 (full 0):
 garbage-first heap   total 186368K, used 120254K [0x00000000a0000000, 0x0000000100000000)
  region size 1024K, 5 young (5120K), 5 survivors (5120K)
 Metaspace       used 122459K, committed 123264K, reserved 557056K
  class space    used 15875K, committed 16256K, reserved 425984K
}
Event: 153.754 GC heap before
{Heap before GC invocations=76 (full 0):
 garbage-first heap   total 186368K, used 153022K [0x00000000a0000000, 0x0000000100000000)
  region size 1024K, 37 young (37888K), 5 survivors (5120K)
 Metaspace       used 122590K, committed 123392K, reserved 557056K
  class space    used 15876K, committed 16256K, reserved 425984K
}

