# JRE version: OpenJDK Runtime Environment Temurin-17.0.17+10 (17.0.17+10) (build 17.0.17+10)
# Java VM: OpenJDK 64-Bit Server VM Temurin-17.0.17+10 (17.0.17+10, mixed mode, sharing, tiered, compressed oops, compressed class ptrs, g1 gc, windows-amd64)
GC Precious Log:
 CPUs: 4 total, 4 available
 Memory: 4005M
 Large Page Support: Disabled
 NUMA Support: Disabled
 Compressed Oops: Enabled (32-bit)
 Heap Region Size: 1M
 Heap Min Capacity: 8M
 Heap Initial Capacity: 64M
 Heap Max Capacity: 512M
 Pre-touch: Disabled
 Parallel Workers: 4
 Concurrent Workers: 1
 Concurrent Refinement Workers: 4
 Periodic GC: Disabled
Heap:
 garbage-first heap   total 372736K, used 273517K [0x00000000e0000000, 0x0000000100000000)
  region size 1024K, 86 young (88064K), 14 survivors (14336K)
 Metaspace       used 154822K, committed 155904K, reserved 409600K
  class space    used 19780K, committed 20288K, reserved 212992K
GC Heap History (20 events):
Event: 233.326 GC heap before
{Heap before GC invocations=87 (full 0):
 garbage-first heap   total 309248K, used 238034K [0x00000000e0000000, 0x0000000100000000)
  region size 1024K, 73 young (74752K), 3 survivors (3072K)
 Metaspace       used 136487K, committed 137472K, reserved 344064K
  class space    used 17675K, committed 18176K, reserved 212992K
}
Event: 233.423 GC heap after
{Heap after GC invocations=88 (full 0):
 garbage-first heap   total 309248K, used 178313K [0x00000000e0000000, 0x0000000100000000)
  region size 1024K, 10 young (10240K), 10 survivors (10240K)
 Metaspace       used 136487K, committed 137472K, reserved 344064K
  class space    used 17675K, committed 18176K, reserved 212992K
}
Event: 233.471 GC heap before
{Heap before GC invocations=88 (full 0):
 garbage-first heap   total 309248K, used 183433K [0x00000000e0000000, 0x0000000100000000)
  region size 1024K, 15 young (15360K), 10 survivors (10240K)
 Metaspace       used 136487K, committed 137472K, reserved 344064K
  class space    used 17675K, committed 18176K, reserved 212992K
}
Event: 233.558 GC heap after
{Heap after GC invocations=89 (full 0):
 garbage-first heap   total 309248K, used 168753K [0x00000000e0000000, 0x0000000100000000)
  region size 1024K, 2 young (2048K), 2 survivors (2048K)
 Metaspace       used 136487K, committed 137472K, reserved 344064K
  class space    used 17675K, committed 18176K, reserved 212992K
}
Event: 234.955 GC heap before
{Heap before GC invocations=89 (full 0):
 garbage-first heap   total 309248K, used 240433K [0x00000000e0000000, 0x0000000100000000)
  region size 1024K, 71 young (72704K), 2 survivors (2048K)
 Metaspace       used 136587K, committed 137600K, reserved 344064K
  class space    used 17675K, committed 18176K, reserved 212992K
}
Event: 234.990 GC heap after
{Heap after GC invocations=90 (full 0):
 garbage-first heap   total 309248K, used 182092K [0x00000000e0000000, 0x0000000100000000)
  region size 1024K, 9 young (9216K), 9 survivors (9216K)
 Metaspace       used 136587K, committed 137600K, reserved 344064K
  class space    used 17675K, committed 18176K, reserved 212992K
}
Event: 237.416 GC heap before
{Heap before GC invocations=90 (full 0):
 garbage-first heap   total 309248K, used 244556K [0x00000000e0000000, 0x0000000100000000)
  region size 1024K, 70 young (71680K), 9 survivors (9216K)
 Metaspace       used 137001K, committed 138048K, reserved 344064K
  class space    used 17687K, committed 18176K, reserved 212992K
}
Event: 237.454 GC heap after
{Heap after GC invocations=91 (full 0):
 garbage-first heap   total 309248K, used 191791K [0x00000000e0000000, 0x0000000100000000)
  region size 1024K, 9 young (9216K), 9 survivors (9216K)
 Metaspace       used 137001K, committed 138048K, reserved 344064K
  class space    used 17687K, committed 18176K, reserved 212992K
}
Event: 238.129 GC heap before
{Heap before GC invocations=91 (full 0):
 garbage-first heap   total 309248K, used 249135K [0x00000000e0000000, 0x0000000100000000)
  region size 1024K, 64 young (65536K), 9 survivors (9216K)
 Metaspace       used 137167K, committed 138176K, reserved 344064K
  class space    used 17689K, committed 18176K, reserved 212992K
}
Event: 238.157 GC heap after
{Heap after GC invocations=92 (full 0):
 garbage-first heap   total 309248K, used 198877K [0x00000000e0000000, 0x0000000100000000)
  region size 1024K, 7 young (7168K), 7 survivors (7168K)
 Metaspace       used 137167K, committed 138176K, reserved 344064K
  class space    used 17689K, committed 18176K, reserved 212992K
}
Event: 240.456 GC heap before
{Heap before GC invocations=92 (full 0):
 garbage-first heap   total 309248K, used 221405K [0x00000000e0000000, 0x0000000100000000)
  region size 1024K, 30 young (30720K), 7 survivors (7168K)
 Metaspace       used 137873K, committed 138944K, reserved 344064K
  class space    used 17741K, committed 18240K, reserved 212992K
}
Event: 240.495 GC heap after
{Heap after GC invocations=93 (full 0):
 garbage-first heap   total 309248K, used 202184K [0x00000000e0000000, 0x0000000100000000)
  region size 1024K, 4 young (4096K), 4 survivors (4096K)
 Metaspace       used 137873K, committed 138944K, reserved 344064K
  class space    used 17741K, committed 18240K, reserved 212992K
}
Event: 244.304 GC heap before
{Heap before GC invocations=94 (full 0):
 garbage-first heap   total 372736K, used 256456K [0x00000000e0000000, 0x0000000100000000)
  region size 1024K, 55 young (56320K), 4 survivors (4096K)
 Metaspace       used 142139K, committed 143232K, reserved 344064K
  class space    used 18234K, committed 18752K, reserved 212992K
}
Event: 244.321 GC heap after
{Heap after GC invocations=95 (full 0):
 garbage-first heap   total 372736K, used 207693K [0x00000000e0000000, 0x0000000100000000)
  region size 1024K, 6 young (6144K), 6 survivors (6144K)
 Metaspace       used 142139K, committed 143232K, reserved 344064K
  class space    used 18234K, committed 18752K, reserved 212992K
}
Event: 245.797 GC heap before
{Heap before GC invocations=95 (full 0):
 garbage-first heap   total 372736K, used 218957K [0x00000000e0000000, 0x0000000100000000)
  region size 1024K, 18 young (18432K), 6 survivors (6144K)
 Metaspace       used 143041K, committed 144128K, reserved 344064K
  class space    used 18353K, committed 18880K, reserved 212992K
}
Event: 245.888 GC heap after
{Heap after GC invocations=96 (full 0):
 garbage-first heap   total 372736K, used 185126K [0x00000000e0000000, 0x0000000100000000)
  region size 1024K, 1 young (1024K), 1 survivors (1024K)
 Metaspace       used 143041K, committed 144128K, reserved 344064K
  class space    used 18353K, committed 18880K, reserved 212992K
}
Event: 254.659 GC heap before
{Heap before GC invocations=96 (full 0):
 garbage-first heap   total 372736K, used 293670K [0x00000000e0000000, 0x0000000100000000)
  region size 1024K, 102 young (104448K), 1 survivors (1024K)
 Metaspace       used 150775K, committed 151872K, reserved 409600K
  class space    used 19343K, committed 19904K, reserved 212992K
}
Event: 254.691 GC heap after
{Heap after GC invocations=97 (full 0):
 garbage-first heap   total 372736K, used 193040K [0x00000000e0000000, 0x0000000100000000)
  region size 1024K, 8 young (8192K), 8 survivors (8192K)
 Metaspace       used 150775K, committed 151872K, reserved 409600K
  class space    used 19343K, committed 19904K, reserved 212992K
}
Event: 259.812 GC heap before
{Heap before GC invocations=97 (full 0):
 garbage-first heap   total 372736K, used 294416K [0x00000000e0000000, 0x0000000100000000)
  region size 1024K, 106 young (108544K), 8 survivors (8192K)
 Metaspace       used 153791K, committed 154944K, reserved 409600K
  class space    used 19739K, committed 20288K, reserved 212992K
}
Event: 259.936 GC heap after
{Heap after GC invocations=98 (full 0):
 garbage-first heap   total 372736K, used 201837K [0x00000000e0000000, 0x0000000100000000)
  region size 1024K, 14 young (14336K), 14 survivors (14336K)
 Metaspace       used 153791K, committed 154944K, reserved 409600K
  class space    used 19739K, committed 20288K, reserved 212992K
}

