# JRE version: OpenJDK Runtime Environment Temurin-17.0.17+10 (17.0.17+10) (build 17.0.17+10)
# Java VM: OpenJDK 64-Bit Server VM Temurin-17.0.17+10 (17.0.17+10, mixed mode, sharing, tiered, compressed oops, compressed class ptrs, parallel gc, windows-amd64)
GC Precious Log:
 CPUs: 4 total, 4 available
 Memory: 4005M
 Large Page Support: Disabled
 NUMA Support: Disabled
 Compressed Oops: Enabled (Zero based)
 Alignments: Space 512K, Generation 512K, Heap 2M
 Heap Min Capacity: 8M
 Heap Initial Capacity: 64M
 Heap Max Capacity: 4G
 Pre-touch: Disabled
 Parallel Workers: 4
Heap:
 PSYoungGen      total 202752K, used 136653K [0x00000007aab00000, 0x00000007be480000, 0x0000000800000000)
  eden space 89600K, 91% used [0x00000007aab00000,0x00000007afac1a60,0x00000007b0280000)
  from space 113152K, 48% used [0x00000007b0280000,0x00000007b3831b70,0x00000007b7100000)
  to   space 110592K, 0% used [0x00000007b7880000,0x00000007b7880000,0x00000007be480000)
 ParOldGen       total 224256K, used 199391K [0x0000000700000000, 0x000000070db00000, 0x00000007aab00000)
  object space 224256K, 88% used [0x0000000700000000,0x000000070c2b7f00,0x000000070db00000)
 Metaspace       used 213421K, committed 215232K, reserved 1245184K
  class space    used 27504K, committed 28352K, reserved 1048576K
GC Heap History (20 events):
Event: 169.912 GC heap before
{Heap before GC invocations=88 (full 6):
 PSYoungGen      total 147456K, used 138309K [0x00000007aab00000, 0x00000007b8700000, 0x0000000800000000)
  eden space 79872K, 100% used [0x00000007aab00000,0x00000007af900000,0x00000007af900000)
  from space 67584K, 86% used [0x00000007af900000,0x00000007b3211560,0x00000007b3b00000)
  to   space 70144K, 0% used [0x00000007b4280000,0x00000007b4280000,0x00000007b8700000)
 ParOldGen       total 224256K, used 159966K [0x0000000700000000, 0x000000070db00000, 0x00000007aab00000)
  object space 224256K, 71% used [0x0000000700000000,0x0000000709c379d8,0x000000070db00000)
 Metaspace       used 163461K, committed 165248K, reserved 1245184K
  class space    used 21307K, committed 22080K, reserved 1048576K
}
Event: 170.034 GC heap after
{Heap after GC invocations=88 (full 6):
 PSYoungGen      total 148992K, used 68626K [0x00000007aab00000, 0x00000007b9300000, 0x0000000800000000)
  eden space 78848K, 0% used [0x00000007aab00000,0x00000007aab00000,0x00000007af800000)
  from space 70144K, 97% used [0x00000007b4280000,0x00000007b8584b60,0x00000007b8700000)
  to   space 76288K, 0% used [0x00000007af800000,0x00000007af800000,0x00000007b4280000)
 ParOldGen       total 224256K, used 159974K [0x0000000700000000, 0x000000070db00000, 0x00000007aab00000)
  object space 224256K, 71% used [0x0000000700000000,0x0000000709c399d8,0x000000070db00000)
 Metaspace       used 163461K, committed 165248K, reserved 1245184K
  class space    used 21307K, committed 22080K, reserved 1048576K
}
Event: 171.064 GC heap before
{Heap before GC invocations=89 (full 6):
 PSYoungGen      total 148992K, used 147474K [0x00000007aab00000, 0x00000007b9300000, 0x0000000800000000)
  eden space 78848K, 100% used [0x00000007aab00000,0x00000007af800000,0x00000007af800000)
  from space 70144K, 97% used [0x00000007b4280000,0x00000007b8584b60,0x00000007b8700000)
  to   space 76288K, 0% used [0x00000007af800000,0x00000007af800000,0x00000007b4280000)
 ParOldGen       total 224256K, used 159974K [0x0000000700000000, 0x000000070db00000, 0x00000007aab00000)
  object space 224256K, 71% used [0x0000000700000000,0x0000000709c399d8,0x000000070db00000)
 Metaspace       used 165115K, committed 166784K, reserved 1245184K
  class space    used 21510K, committed 22272K, reserved 1048576K
}
Event: 171.218 GC heap after
{Heap after GC invocations=89 (full 6):
 PSYoungGen      total 155136K, used 76284K [0x00000007aab00000, 0x00000007ba280000, 0x0000000800000000)
  eden space 78848K, 0% used [0x00000007aab00000,0x00000007aab00000,0x00000007af800000)
  from space 76288K, 99% used [0x00000007af800000,0x00000007b427f228,0x00000007b4280000)
  to   space 83968K, 0% used [0x00000007b5080000,0x00000007b5080000,0x00000007ba280000)
 ParOldGen       total 224256K, used 160878K [0x0000000700000000, 0x000000070db00000, 0x00000007aab00000)
  object space 224256K, 71% used [0x0000000700000000,0x0000000709d1b9f8,0x000000070db00000)
 Metaspace       used 165115K, committed 166784K, reserved 1245184K
  class space    used 21510K, committed 22272K, reserved 1048576K
}
Event: 175.639 GC heap before
{Heap before GC invocations=90 (full 6):
 PSYoungGen      total 155136K, used 155132K [0x00000007aab00000, 0x00000007ba280000, 0x0000000800000000)
  eden space 78848K, 100% used [0x00000007aab00000,0x00000007af800000,0x00000007af800000)
  from space 76288K, 99% used [0x00000007af800000,0x00000007b427f228,0x00000007b4280000)
  to   space 83968K, 0% used [0x00000007b5080000,0x00000007b5080000,0x00000007ba280000)
 ParOldGen       total 224256K, used 160878K [0x0000000700000000, 0x000000070db00000, 0x00000007aab00000)
  object space 224256K, 71% used [0x0000000700000000,0x0000000709d1b9f8,0x000000070db00000)
 Metaspace       used 174569K, committed 176256K, reserved 1245184K
  class space    used 23099K, committed 23872K, reserved 1048576K
}
Event: 175.747 GC heap after
{Heap after GC invocations=90 (full 6):
 PSYoungGen      total 165888K, used 71201K [0x00000007aab00000, 0x00000007ba900000, 0x0000000800000000)
  eden space 81920K, 0% used [0x00000007aab00000,0x00000007aab00000,0x00000007afb00000)
  from space 83968K, 84% used [0x00000007b5080000,0x00000007b96086e0,0x00000007ba280000)
  to   space 87552K, 0% used [0x00000007afb00000,0x00000007afb00000,0x00000007b5080000)
 ParOldGen       total 224256K, used 171362K [0x0000000700000000, 0x000000070db00000, 0x00000007aab00000)
  object space 224256K, 76% used [0x0000000700000000,0x000000070a758b30,0x000000070db00000)
 Metaspace       used 174569K, committed 176256K, reserved 1245184K
  class space    used 23099K, committed 23872K, reserved 1048576K
}
Event: 180.849 GC heap before
{Heap before GC invocations=91 (full 6):
 PSYoungGen      total 165888K, used 153121K [0x00000007aab00000, 0x00000007ba900000, 0x0000000800000000)
  eden space 81920K, 100% used [0x00000007aab00000,0x00000007afb00000,0x00000007afb00000)
  from space 83968K, 84% used [0x00000007b5080000,0x00000007b96086e0,0x00000007ba280000)
  to   space 87552K, 0% used [0x00000007afb00000,0x00000007afb00000,0x00000007b5080000)
 ParOldGen       total 224256K, used 171362K [0x0000000700000000, 0x000000070db00000, 0x00000007aab00000)
  object space 224256K, 76% used [0x0000000700000000,0x000000070a758b30,0x000000070db00000)
 Metaspace       used 185161K, committed 186944K, reserved 1245184K
  class space    used 24243K, committed 25088K, reserved 1048576K
}
Event: 180.918 GC heap after
{Heap after GC invocations=91 (full 6):
 PSYoungGen      total 169472K, used 79112K [0x00000007aab00000, 0x00000007bb780000, 0x0000000800000000)
  eden space 81920K, 0% used [0x00000007aab00000,0x00000007aab00000,0x00000007afb00000)
  from space 87552K, 90% used [0x00000007afb00000,0x00000007b4842148,0x00000007b5080000)
  to   space 93696K, 0% used [0x00000007b5c00000,0x00000007b5c00000,0x00000007bb780000)
 ParOldGen       total 224256K, used 171571K [0x0000000700000000, 0x000000070db00000, 0x00000007aab00000)
  object space 224256K, 76% used [0x0000000700000000,0x000000070a78ccf0,0x000000070db00000)
 Metaspace       used 185161K, committed 186944K, reserved 1245184K
  class space    used 24243K, committed 25088K, reserved 1048576K
}
Event: 188.702 GC heap before
{Heap before GC invocations=92 (full 6):
 PSYoungGen      total 169472K, used 160688K [0x00000007aab00000, 0x00000007bb780000, 0x0000000800000000)
  eden space 81920K, 99% used [0x00000007aab00000,0x00000007afaa9fd8,0x00000007afb00000)
  from space 87552K, 90% used [0x00000007afb00000,0x00000007b4842148,0x00000007b5080000)
  to   space 93696K, 0% used [0x00000007b5c00000,0x00000007b5c00000,0x00000007bb780000)
 ParOldGen       total 224256K, used 171571K [0x0000000700000000, 0x000000070db00000, 0x00000007aab00000)
  object space 224256K, 76% used [0x0000000700000000,0x000000070a78ccf0,0x000000070db00000)
 Metaspace       used 200292K, committed 202048K, reserved 1245184K
  class space    used 26108K, committed 26944K, reserved 1048576K
}
Event: 189.235 GC heap after
{Heap after GC invocations=92 (full 6):
 PSYoungGen      total 173056K, used 87881K [0x00000007aab00000, 0x00000007bc800000, 0x0000000800000000)
  eden space 79360K, 0% used [0x00000007aab00000,0x00000007aab00000,0x00000007af880000)
  from space 93696K, 93% used [0x00000007b5c00000,0x00000007bb1d24b8,0x00000007bb780000)
  to   space 101888K, 0% used [0x00000007af880000,0x00000007af880000,0x00000007b5c00000)
 ParOldGen       total 224256K, used 171579K [0x0000000700000000, 0x000000070db00000, 0x00000007aab00000)
  object space 224256K, 76% used [0x0000000700000000,0x000000070a78ecf0,0x000000070db00000)
 Metaspace       used 200292K, committed 202048K, reserved 1245184K
  class space    used 26108K, committed 26944K, reserved 1048576K
}
Event: 195.486 GC heap before
{Heap before GC invocations=93 (full 6):
 PSYoungGen      total 173056K, used 167241K [0x00000007aab00000, 0x00000007bc800000, 0x0000000800000000)
  eden space 79360K, 100% used [0x00000007aab00000,0x00000007af880000,0x00000007af880000)
  from space 93696K, 93% used [0x00000007b5c00000,0x00000007bb1d24b8,0x00000007bb780000)
  to   space 101888K, 0% used [0x00000007af880000,0x00000007af880000,0x00000007b5c00000)
 ParOldGen       total 224256K, used 171579K [0x0000000700000000, 0x000000070db00000, 0x00000007aab00000)
  object space 224256K, 76% used [0x0000000700000000,0x000000070a78ecf0,0x000000070db00000)
 Metaspace       used 203641K, committed 205440K, reserved 1245184K
  class space    used 26627K, committed 27456K, reserved 1048576K
}
Event: 196.726 GC heap after
{Heap after GC invocations=93 (full 6):
 PSYoungGen      total 181248K, used 87968K [0x00000007aab00000, 0x00000007bd300000, 0x0000000800000000)
  eden space 79360K, 0% used [0x00000007aab00000,0x00000007aab00000,0x00000007af880000)
  from space 101888K, 86% used [0x00000007af880000,0x00000007b4e682f8,0x00000007b5c00000)
  to   space 108032K, 0% used [0x00000007b6980000,0x00000007b6980000,0x00000007bd300000)
 ParOldGen       total 224256K, used 175575K [0x0000000700000000, 0x000000070db00000, 0x00000007aab00000)
  object space 224256K, 78% used [0x0000000700000000,0x000000070ab75e40,0x000000070db00000)
 Metaspace       used 203641K, committed 205440K, reserved 1245184K
  class space    used 26627K, committed 27456K, reserved 1048576K
}
Event: 220.966 GC heap before
{Heap before GC invocations=94 (full 6):
 PSYoungGen      total 181248K, used 167328K [0x00000007aab00000, 0x00000007bd300000, 0x0000000800000000)
  eden space 79360K, 100% used [0x00000007aab00000,0x00000007af880000,0x00000007af880000)
  from space 101888K, 86% used [0x00000007af880000,0x00000007b4e682f8,0x00000007b5c00000)
  to   space 108032K, 0% used [0x00000007b6980000,0x00000007b6980000,0x00000007bd300000)
 ParOldGen       total 224256K, used 175575K [0x0000000700000000, 0x000000070db00000, 0x00000007aab00000)
  object space 224256K, 78% used [0x0000000700000000,0x000000070ab75e40,0x000000070db00000)
 Metaspace       used 208708K, committed 210496K, reserved 1245184K
  class space    used 27091K, committed 27904K, reserved 1048576K
}
Event: 222.274 GC heap after
{Heap after GC invocations=94 (full 6):
 PSYoungGen      total 188416K, used 92687K [0x00000007aab00000, 0x00000007bdf80000, 0x0000000800000000)
  eden space 80384K, 0% used [0x00000007aab00000,0x00000007aab00000,0x00000007af980000)
  from space 108032K, 85% used [0x00000007b6980000,0x00000007bc403f70,0x00000007bd300000)
  to   space 114688K, 0% used [0x00000007af980000,0x00000007af980000,0x00000007b6980000)
 ParOldGen       total 224256K, used 179123K [0x0000000700000000, 0x000000070db00000, 0x00000007aab00000)
  object space 224256K, 79% used [0x0000000700000000,0x000000070aeecde0,0x000000070db00000)
 Metaspace       used 208708K, committed 210496K, reserved 1245184K
  class space    used 27091K, committed 27904K, reserved 1048576K
}
Event: 238.023 GC heap before
{Heap before GC invocations=95 (full 6):
 PSYoungGen      total 188416K, used 173071K [0x00000007aab00000, 0x00000007bdf80000, 0x0000000800000000)
  eden space 80384K, 100% used [0x00000007aab00000,0x00000007af980000,0x00000007af980000)
  from space 108032K, 85% used [0x00000007b6980000,0x00000007bc403f70,0x00000007bd300000)
  to   space 114688K, 0% used [0x00000007af980000,0x00000007af980000,0x00000007b6980000)
 ParOldGen       total 224256K, used 179123K [0x0000000700000000, 0x000000070db00000, 0x00000007aab00000)
  object space 224256K, 79% used [0x0000000700000000,0x000000070aeecde0,0x000000070db00000)
 Metaspace       used 210532K, committed 212288K, reserved 1245184K
  class space    used 27238K, committed 28032K, reserved 1048576K
}
Event: 242.529 GC heap after
{Heap after GC invocations=95 (full 6):
 PSYoungGen      total 195072K, used 74042K [0x00000007aab00000, 0x00000007bdf80000, 0x0000000800000000)
  eden space 80384K, 0% used [0x00000007aab00000,0x00000007aab00000,0x00000007af980000)
  from space 114688K, 64% used [0x00000007af980000,0x00000007b41cebe0,0x00000007b6980000)
  to   space 113152K, 0% used [0x00000007b7100000,0x00000007b7100000,0x00000007bdf80000)
 ParOldGen       total 224256K, used 182075K [0x0000000700000000, 0x000000070db00000, 0x00000007aab00000)
  object space 224256K, 81% used [0x0000000700000000,0x000000070b1cecd0,0x000000070db00000)
 Metaspace       used 210532K, committed 212288K, reserved 1245184K
  class space    used 27238K, committed 28032K, reserved 1048576K
}
Event: 266.797 GC heap before
{Heap before GC invocations=96 (full 6):
 PSYoungGen      total 195072K, used 154426K [0x00000007aab00000, 0x00000007bdf80000, 0x0000000800000000)
  eden space 80384K, 100% used [0x00000007aab00000,0x00000007af980000,0x00000007af980000)
  from space 114688K, 64% used [0x00000007af980000,0x00000007b41cebe0,0x00000007b6980000)
  to   space 113152K, 0% used [0x00000007b7100000,0x00000007b7100000,0x00000007bdf80000)
 ParOldGen       total 224256K, used 182075K [0x0000000700000000, 0x000000070db00000, 0x00000007aab00000)
  object space 224256K, 81% used [0x0000000700000000,0x000000070b1cecd0,0x000000070db00000)
 Metaspace       used 212064K, committed 213888K, reserved 1245184K
  class space    used 27396K, committed 28224K, reserved 1048576K
}
Event: 269.991 GC heap after
{Heap after GC invocations=96 (full 6):
 PSYoungGen      total 202752K, used 78895K [0x00000007aab00000, 0x00000007bdf80000, 0x0000000800000000)
  eden space 89600K, 0% used [0x00000007aab00000,0x00000007aab00000,0x00000007b0280000)
  from space 113152K, 69% used [0x00000007b7100000,0x00000007bbe0bc18,0x00000007bdf80000)
  to   space 113152K, 0% used [0x00000007b0280000,0x00000007b0280000,0x00000007b7100000)
 ParOldGen       total 224256K, used 187525K [0x0000000700000000, 0x000000070db00000, 0x00000007aab00000)
  object space 224256K, 83% used [0x0000000700000000,0x000000070b721488,0x000000070db00000)
 Metaspace       used 212064K, committed 213888K, reserved 1245184K
  class space    used 27396K, committed 28224K, reserved 1048576K
}
Event: 298.488 GC heap before
{Heap before GC invocations=97 (full 6):
 PSYoungGen      total 202752K, used 168495K [0x00000007aab00000, 0x00000007bdf80000, 0x0000000800000000)
  eden space 89600K, 100% used [0x00000007aab00000,0x00000007b0280000,0x00000007b0280000)
  from space 113152K, 69% used [0x00000007b7100000,0x00000007bbe0bc18,0x00000007bdf80000)
  to   space 113152K, 0% used [0x00000007b0280000,0x00000007b0280000,0x00000007b7100000)
 ParOldGen       total 224256K, used 187525K [0x0000000700000000, 0x000000070db00000, 0x00000007aab00000)
  object space 224256K, 83% used [0x0000000700000000,0x000000070b721488,0x000000070db00000)
 Metaspace       used 212721K, committed 214528K, reserved 1245184K
  class space    used 27456K, committed 28288K, reserved 1048576K
}
Event: 301.555 GC heap after
{Heap after GC invocations=97 (full 6):
 PSYoungGen      total 202752K, used 54982K [0x00000007aab00000, 0x00000007be480000, 0x0000000800000000)
  eden space 89600K, 0% used [0x00000007aab00000,0x00000007aab00000,0x00000007b0280000)
  from space 113152K, 48% used [0x00000007b0280000,0x00000007b3831b70,0x00000007b7100000)
  to   space 110592K, 0% used [0x00000007b7880000,0x00000007b7880000,0x00000007be480000)
 ParOldGen       total 224256K, used 199391K [0x0000000700000000, 0x000000070db00000, 0x00000007aab00000)
  object space 224256K, 88% used [0x0000000700000000,0x000000070c2b7f00,0x000000070db00000)
 Metaspace       used 212721K, committed 214528K, reserved 1245184K
  class space    used 27456K, committed 28288K, reserved 1048576K
}

