# JRE version: OpenJDK Runtime Environment Temurin-17.0.17+10 (17.0.17+10) (build 17.0.17+10)
# Java VM: OpenJDK 64-Bit Server VM Temurin-17.0.17+10 (17.0.17+10, mixed mode, sharing, tiered, compressed oops, compressed class ptrs, parallel gc, windows-amd64)
GC Precious Log:
 CPUs: 4 total, 4 available
 Memory: 4005M
 Large Page Support: Disabled
 NUMA Support: Disabled
 Compressed Oops: Enabled (Zero based)
 Alignments: Space 512K, Generation 512K, Heap 2M
 Heap Min Capacity: 8M
 Heap Initial Capacity: 64M
 Heap Max Capacity: 4G
 Pre-touch: Disabled
 Parallel Workers: 4
Heap:
 PSYoungGen      total 781312K, used 128626K [0x00000007aab00000, 0x00000007eb180000, 0x0000000800000000)
  eden space 582656K, 22% used [0x00000007aab00000,0x00000007b289cae0,0x00000007ce400000)
  from space 198656K, 0% used [0x00000007ce400000,0x00000007ce400000,0x00000007da600000)
  to   space 198656K, 0% used [0x00000007def80000,0x00000007def80000,0x00000007eb180000)
 ParOldGen       total 613376K, used 407073K [0x0000000700000000, 0x0000000725700000, 0x00000007aab00000)
  object space 613376K, 66% used [0x0000000700000000,0x0000000718d88470,0x0000000725700000)
 Metaspace       used 370168K, committed 372736K, reserved 1376256K
  class space    used 46321K, committed 47552K, reserved 1048576K
GC Heap History (20 events):
Event: 3899.331 GC heap before
{Heap before GC invocations=127 (full 8):
 PSYoungGen      total 461824K, used 409279K [0x00000007aab00000, 0x00000007d0f00000, 0x0000000800000000)
  eden space 340992K, 97% used [0x00000007aab00000,0x00000007bee23d58,0x00000007bf800000)
  from space 120832K, 64% used [0x00000007bf800000,0x00000007c448c208,0x00000007c6e00000)
  to   space 120320K, 0% used [0x00000007c9980000,0x00000007c9980000,0x00000007d0f00000)
 ParOldGen       total 919040K, used 871450K [0x0000000700000000, 0x0000000738180000, 0x00000007aab00000)
  object space 919040K, 94% used [0x0000000700000000,0x0000000735306bd8,0x0000000738180000)
 Metaspace       used 347612K, committed 350144K, reserved 1376256K
  class space    used 43017K, committed 44224K, reserved 1048576K
}
Event: 3901.213 GC heap after
{Heap after GC invocations=127 (full 8):
 PSYoungGen      total 504320K, used 86703K [0x00000007aab00000, 0x00000007d1400000, 0x0000000800000000)
  eden space 384000K, 0% used [0x00000007aab00000,0x00000007aab00000,0x00000007c2200000)
  from space 120320K, 72% used [0x00000007c9980000,0x00000007cee2bd28,0x00000007d0f00000)
  to   space 122368K, 0% used [0x00000007c2200000,0x00000007c2200000,0x00000007c9980000)
 ParOldGen       total 919040K, used 871450K [0x0000000700000000, 0x0000000738180000, 0x00000007aab00000)
  object space 919040K, 94% used [0x0000000700000000,0x0000000735306bd8,0x0000000738180000)
 Metaspace       used 347612K, committed 350144K, reserved 1376256K
  class space    used 43017K, committed 44224K, reserved 1048576K
}
Event: 3916.913 GC heap before
{Heap before GC invocations=128 (full 8):
 PSYoungGen      total 504320K, used 470703K [0x00000007aab00000, 0x00000007d1400000, 0x0000000800000000)
  eden space 384000K, 100% used [0x00000007aab00000,0x00000007c2200000,0x00000007c2200000)
  from space 120320K, 72% used [0x00000007c9980000,0x00000007cee2bd28,0x00000007d0f00000)
  to   space 122368K, 0% used [0x00000007c2200000,0x00000007c2200000,0x00000007c9980000)
 ParOldGen       total 919040K, used 871450K [0x0000000700000000, 0x0000000738180000, 0x00000007aab00000)
  object space 919040K, 94% used [0x0000000700000000,0x0000000735306bd8,0x0000000738180000)
 Metaspace       used 347869K, committed 350400K, reserved 1376256K
  class space    used 43051K, committed 44224K, reserved 1048576K
}
Event: 3918.812 GC heap after
{Heap after GC invocations=128 (full 8):
 PSYoungGen      total 506368K, used 78529K [0x00000007aab00000, 0x00000007d4200000, 0x0000000800000000)
  eden space 384000K, 0% used [0x00000007aab00000,0x00000007aab00000,0x00000007c2200000)
  from space 122368K, 64% used [0x00000007c2200000,0x00000007c6eb07d8,0x00000007c9980000)
  to   space 120832K, 0% used [0x00000007ccc00000,0x00000007ccc00000,0x00000007d4200000)
 ParOldGen       total 919040K, used 871450K [0x0000000700000000, 0x0000000738180000, 0x00000007aab00000)
  object space 919040K, 94% used [0x0000000700000000,0x0000000735306bd8,0x0000000738180000)
 Metaspace       used 347869K, committed 350400K, reserved 1376256K
  class space    used 43051K, committed 44224K, reserved 1048576K
}
Event: 3980.732 GC heap before
{Heap before GC invocations=129 (full 8):
 PSYoungGen      total 506368K, used 462529K [0x00000007aab00000, 0x00000007d4200000, 0x0000000800000000)
  eden space 384000K, 100% used [0x00000007aab00000,0x00000007c2200000,0x00000007c2200000)
  from space 122368K, 64% used [0x00000007c2200000,0x00000007c6eb07d8,0x00000007c9980000)
  to   space 120832K, 0% used [0x00000007ccc00000,0x00000007ccc00000,0x00000007d4200000)
 ParOldGen       total 919040K, used 871677K [0x0000000700000000, 0x0000000738180000, 0x00000007aab00000)
  object space 919040K, 94% used [0x0000000700000000,0x000000073533f480,0x0000000738180000)
 Metaspace       used 351418K, committed 353984K, reserved 1376256K
  class space    used 43429K, committed 44672K, reserved 1048576K
}
Event: 3982.342 GC heap after
{Heap after GC invocations=129 (full 8):
 PSYoungGen      total 553984K, used 51792K [0x00000007aab00000, 0x00000007d3e00000, 0x0000000800000000)
  eden space 437248K, 0% used [0x00000007aab00000,0x00000007aab00000,0x00000007c5600000)
  from space 116736K, 44% used [0x00000007ccc00000,0x00000007cfe942c8,0x00000007d3e00000)
  to   space 118784K, 0% used [0x00000007c5600000,0x00000007c5600000,0x00000007cca00000)
 ParOldGen       total 936448K, used 936209K [0x0000000700000000, 0x0000000739280000, 0x00000007aab00000)
  object space 936448K, 99% used [0x0000000700000000,0x0000000739244618,0x0000000739280000)
 Metaspace       used 351418K, committed 353984K, reserved 1376256K
  class space    used 43429K, committed 44672K, reserved 1048576K
}
Event: 4031.217 GC heap before
{Heap before GC invocations=130 (full 9):
 PSYoungGen      total 553984K, used 489040K [0x00000007aab00000, 0x00000007d3e00000, 0x0000000800000000)
  eden space 437248K, 100% used [0x00000007aab00000,0x00000007c5600000,0x00000007c5600000)
  from space 116736K, 44% used [0x00000007ccc00000,0x00000007cfe942c8,0x00000007d3e00000)
  to   space 118784K, 0% used [0x00000007c5600000,0x00000007c5600000,0x00000007cca00000)
 ParOldGen       total 936448K, used 936216K [0x0000000700000000, 0x0000000739280000, 0x00000007aab00000)
  object space 936448K, 99% used [0x0000000700000000,0x00000007392463f8,0x0000000739280000)
 Metaspace       used 353422K, committed 355968K, reserved 1376256K
  class space    used 43626K, committed 44864K, reserved 1048576K
}
Event: 4066.576 GC heap after
{Heap after GC invocations=130 (full 9):
 PSYoungGen      total 556032K, used 0K [0x00000007aab00000, 0x00000007d6f00000, 0x0000000800000000)
  eden space 437248K, 0% used [0x00000007aab00000,0x00000007aab00000,0x00000007c5600000)
  from space 118784K, 0% used [0x00000007c5600000,0x00000007c5600000,0x00000007cca00000)
  to   space 118784K, 0% used [0x00000007cfb00000,0x00000007cfb00000,0x00000007d6f00000)
 ParOldGen       total 459776K, used 304194K [0x0000000700000000, 0x000000071c100000, 0x00000007aab00000)
  object space 459776K, 66% used [0x0000000700000000,0x0000000712910918,0x000000071c100000)
 Metaspace       used 352971K, committed 355776K, reserved 1376256K
  class space    used 43566K, committed 44864K, reserved 1048576K
}
Event: 4090.649 GC heap before
{Heap before GC invocations=131 (full 9):
 PSYoungGen      total 556032K, used 437248K [0x00000007aab00000, 0x00000007d6f00000, 0x0000000800000000)
  eden space 437248K, 100% used [0x00000007aab00000,0x00000007c5600000,0x00000007c5600000)
  from space 118784K, 0% used [0x00000007c5600000,0x00000007c5600000,0x00000007cca00000)
  to   space 118784K, 0% used [0x00000007cfb00000,0x00000007cfb00000,0x00000007d6f00000)
 ParOldGen       total 459776K, used 304194K [0x0000000700000000, 0x000000071c100000, 0x00000007aab00000)
  object space 459776K, 66% used [0x0000000700000000,0x0000000712910918,0x000000071c100000)
 Metaspace       used 357284K, committed 359808K, reserved 1376256K
  class space    used 44502K, committed 45696K, reserved 1048576K
}
Event: 4092.143 GC heap after
{Heap after GC invocations=131 (full 9):
 PSYoungGen      total 600064K, used 85943K [0x00000007aab00000, 0x00000007d6d80000, 0x0000000800000000)
  eden space 482816K, 0% used [0x00000007aab00000,0x00000007aab00000,0x00000007c8280000)
  from space 117248K, 73% used [0x00000007cfb00000,0x00000007d4eedcd8,0x00000007d6d80000)
  to   space 120320K, 0% used [0x00000007c8280000,0x00000007c8280000,0x00000007cf800000)
 ParOldGen       total 459776K, used 304202K [0x0000000700000000, 0x000000071c100000, 0x00000007aab00000)
  object space 459776K, 66% used [0x0000000700000000,0x0000000712912918,0x000000071c100000)
 Metaspace       used 357284K, committed 359808K, reserved 1376256K
  class space    used 44502K, committed 45696K, reserved 1048576K
}
Event: 4114.539 GC heap before
{Heap before GC invocations=132 (full 9):
 PSYoungGen      total 600064K, used 568759K [0x00000007aab00000, 0x00000007d6d80000, 0x0000000800000000)
  eden space 482816K, 100% used [0x00000007aab00000,0x00000007c8280000,0x00000007c8280000)
  from space 117248K, 73% used [0x00000007cfb00000,0x00000007d4eedcd8,0x00000007d6d80000)
  to   space 120320K, 0% used [0x00000007c8280000,0x00000007c8280000,0x00000007cf800000)
 ParOldGen       total 459776K, used 304202K [0x0000000700000000, 0x000000071c100000, 0x00000007aab00000)
  object space 459776K, 66% used [0x0000000700000000,0x0000000712912918,0x000000071c100000)
 Metaspace       used 358332K, committed 360896K, reserved 1376256K
  class space    used 44628K, committed 45824K, reserved 1048576K
}
Event: 4119.762 GC heap after
{Heap after GC invocations=132 (full 9):
 PSYoungGen      total 603136K, used 120304K [0x00000007aab00000, 0x00000007de680000, 0x0000000800000000)
  eden space 482816K, 0% used [0x00000007aab00000,0x00000007aab00000,0x00000007c8280000)
  from space 120320K, 99% used [0x00000007c8280000,0x00000007cf7fc020,0x00000007cf800000)
  to   space 151552K, 0% used [0x00000007d5280000,0x00000007d5280000,0x00000007de680000)
 ParOldGen       total 459776K, used 350503K [0x0000000700000000, 0x000000071c100000, 0x00000007aab00000)
  object space 459776K, 76% used [0x0000000700000000,0x0000000715649fe0,0x000000071c100000)
 Metaspace       used 358332K, committed 360896K, reserved 1376256K
  class space    used 44628K, committed 45824K, reserved 1048576K
}
Event: 4141.809 GC heap before
{Heap before GC invocations=133 (full 9):
 PSYoungGen      total 603136K, used 603120K [0x00000007aab00000, 0x00000007de680000, 0x0000000800000000)
  eden space 482816K, 100% used [0x00000007aab00000,0x00000007c8280000,0x00000007c8280000)
  from space 120320K, 99% used [0x00000007c8280000,0x00000007cf7fc020,0x00000007cf800000)
  to   space 151552K, 0% used [0x00000007d5280000,0x00000007d5280000,0x00000007de680000)
 ParOldGen       total 459776K, used 350503K [0x0000000700000000, 0x000000071c100000, 0x00000007aab00000)
  object space 459776K, 76% used [0x0000000700000000,0x0000000715649fe0,0x000000071c100000)
 Metaspace       used 360840K, committed 363392K, reserved 1376256K
  class space    used 44959K, committed 46144K, reserved 1048576K
}
Event: 4144.014 GC heap after
{Heap after GC invocations=133 (full 9):
 PSYoungGen      total 664576K, used 151520K [0x00000007aab00000, 0x00000007e2380000, 0x0000000800000000)
  eden space 513024K, 0% used [0x00000007aab00000,0x00000007aab00000,0x00000007ca000000)
  from space 151552K, 99% used [0x00000007d5280000,0x00000007de6781e8,0x00000007de680000)
  to   space 182784K, 0% used [0x00000007ca000000,0x00000007ca000000,0x00000007d5280000)
 ParOldGen       total 459776K, used 382248K [0x0000000700000000, 0x000000071c100000, 0x00000007aab00000)
  object space 459776K, 83% used [0x0000000700000000,0x000000071754a280,0x000000071c100000)
 Metaspace       used 360840K, committed 363392K, reserved 1376256K
  class space    used 44959K, committed 46144K, reserved 1048576K
}
Event: 4171.343 GC heap before
{Heap before GC invocations=134 (full 9):
 PSYoungGen      total 664576K, used 664544K [0x00000007aab00000, 0x00000007e2380000, 0x0000000800000000)
  eden space 513024K, 100% used [0x00000007aab00000,0x00000007ca000000,0x00000007ca000000)
  from space 151552K, 99% used [0x00000007d5280000,0x00000007de6781e8,0x00000007de680000)
  to   space 182784K, 0% used [0x00000007ca000000,0x00000007ca000000,0x00000007d5280000)
 ParOldGen       total 459776K, used 382248K [0x0000000700000000, 0x000000071c100000, 0x00000007aab00000)
  object space 459776K, 83% used [0x0000000700000000,0x000000071754a280,0x000000071c100000)
 Metaspace       used 363588K, committed 366144K, reserved 1376256K
  class space    used 45379K, committed 46592K, reserved 1048576K
}
Event: 4175.909 GC heap after
{Heap after GC invocations=134 (full 9):
 PSYoungGen      total 695808K, used 160361K [0x00000007aab00000, 0x00000007e6900000, 0x0000000800000000)
  eden space 513024K, 0% used [0x00000007aab00000,0x00000007aab00000,0x00000007ca000000)
  from space 182784K, 87% used [0x00000007ca000000,0x00000007d3c9a578,0x00000007d5280000)
  to   space 199680K, 0% used [0x00000007da600000,0x00000007da600000,0x00000007e6900000)
 ParOldGen       total 459776K, used 382248K [0x0000000700000000, 0x000000071c100000, 0x00000007aab00000)
  object space 459776K, 83% used [0x0000000700000000,0x000000071754a280,0x000000071c100000)
 Metaspace       used 363588K, committed 366144K, reserved 1376256K
  class space    used 45379K, committed 46592K, reserved 1048576K
}
Event: 4183.887 GC heap before
{Heap before GC invocations=135 (full 9):
 PSYoungGen      total 695808K, used 673385K [0x00000007aab00000, 0x00000007e6900000, 0x0000000800000000)
  eden space 513024K, 100% used [0x00000007aab00000,0x00000007ca000000,0x00000007ca000000)
  from space 182784K, 87% used [0x00000007ca000000,0x00000007d3c9a578,0x00000007d5280000)
  to   space 199680K, 0% used [0x00000007da600000,0x00000007da600000,0x00000007e6900000)
 ParOldGen       total 459776K, used 382248K [0x0000000700000000, 0x000000071c100000, 0x00000007aab00000)
  object space 459776K, 83% used [0x0000000700000000,0x000000071754a280,0x000000071c100000)
 Metaspace       used 363635K, committed 366144K, reserved 1376256K
  class space    used 45379K, committed 46592K, reserved 1048576K
}
Event: 4185.864 GC heap after
{Heap after GC invocations=135 (full 9):
 PSYoungGen      total 782336K, used 43476K [0x00000007aab00000, 0x00000007e6b80000, 0x0000000800000000)
  eden space 582656K, 0% used [0x00000007aab00000,0x00000007aab00000,0x00000007ce400000)
  from space 199680K, 21% used [0x00000007da600000,0x00000007dd075140,0x00000007e6900000)
  to   space 198656K, 0% used [0x00000007ce400000,0x00000007ce400000,0x00000007da600000)
 ParOldGen       total 493056K, used 492577K [0x0000000700000000, 0x000000071e180000, 0x00000007aab00000)
  object space 493056K, 99% used [0x0000000700000000,0x000000071e108478,0x000000071e180000)
 Metaspace       used 363635K, committed 366144K, reserved 1376256K
  class space    used 45379K, committed 46592K, reserved 1048576K
}
Event: 4208.904 GC heap before
{Heap before GC invocations=136 (full 10):
 PSYoungGen      total 782336K, used 626132K [0x00000007aab00000, 0x00000007e6b80000, 0x0000000800000000)
  eden space 582656K, 100% used [0x00000007aab00000,0x00000007ce400000,0x00000007ce400000)
  from space 199680K, 21% used [0x00000007da600000,0x00000007dd075140,0x00000007e6900000)
  to   space 198656K, 0% used [0x00000007ce400000,0x00000007ce400000,0x00000007da600000)
 ParOldGen       total 493056K, used 492577K [0x0000000700000000, 0x000000071e180000, 0x00000007aab00000)
  object space 493056K, 99% used [0x0000000700000000,0x000000071e108478,0x000000071e180000)
 Metaspace       used 369998K, committed 372544K, reserved 1376256K
  class space    used 46329K, committed 47552K, reserved 1048576K
}
Event: 4229.829 GC heap after
{Heap after GC invocations=136 (full 10):
 PSYoungGen      total 781312K, used 0K [0x00000007aab00000, 0x00000007eb180000, 0x0000000800000000)
  eden space 582656K, 0% used [0x00000007aab00000,0x00000007aab00000,0x00000007ce400000)
  from space 198656K, 0% used [0x00000007ce400000,0x00000007ce400000,0x00000007da600000)
  to   space 198656K, 0% used [0x00000007def80000,0x00000007def80000,0x00000007eb180000)
 ParOldGen       total 613376K, used 407073K [0x0000000700000000, 0x0000000725700000, 0x00000007aab00000)
  object space 613376K, 66% used [0x0000000700000000,0x0000000718d88470,0x0000000725700000)
 Metaspace       used 369915K, committed 372544K, reserved 1376256K
  class space    used 46309K, committed 47552K, reserved 1048576K
}

