# JRE version: OpenJDK Runtime Environment (21.0.8) (build 21.0.8+-14196175-b1038.72)
# Java VM: OpenJDK 64-Bit Server VM (21.0.8+-14196175-b1038.72, mixed mode, tiered, compressed oops, compressed class ptrs, g1 gc, windows-amd64)
GC Precious Log:
 CardTable entry size: 512
 Card Set container configuration: InlinePtr #cards 4 size 8 Array Of Cards #cards 32 size 80 Howl #buckets 8 coarsen threshold 7372 Howl Bitmap #cards 1024 size 144 coarsen threshold 921 Card regions per heap region 1 cards per card region 8192
 CPUs: 4 total, 4 available
 Memory: 4005M
 Large Page Support: Disabled
 NUMA Support: Disabled
 Compressed Oops: Enabled (Zero based)
 Heap Region Size: 4M
 Heap Min Capacity: 8M
 Heap Initial Capacity: 64M
 Heap Max Capacity: 8G
 Pre-touch: Disabled
 Parallel Workers: 4
 Concurrent Workers: 1
 Concurrent Refinement Workers: 4
 Periodic GC: Disabled
Heap:
 garbage-first heap   total 1019904K, used 255536K [0x0000000600000000, 0x0000000800000000)
  region size 4096K, 1 young (4096K), 1 survivors (4096K)
 Metaspace       used 138345K, committed 140672K, reserved 1179648K
  class space    used 19315K, committed 20480K, reserved 1048576K
GC Heap History (20 events):
Event: 203.522 GC heap after
{Heap after GC invocations=98 (full 0):
 garbage-first heap   total 528384K, used 195227K [0x0000000600000000, 0x0000000800000000)
  region size 4096K, 4 young (16384K), 4 survivors (16384K)
 Metaspace       used 123845K, committed 126144K, reserved 1179648K
  class space    used 17516K, committed 18624K, reserved 1048576K
}
Event: 219.251 GC heap before
{Heap before GC invocations=98 (full 0):
 garbage-first heap   total 528384K, used 477851K [0x0000000600000000, 0x0000000800000000)
  region size 4096K, 73 young (299008K), 4 survivors (16384K)
 Metaspace       used 133156K, committed 135488K, reserved 1179648K
  class space    used 18766K, committed 19904K, reserved 1048576K
}
Event: 219.474 GC heap after
{Heap after GC invocations=99 (full 0):
 garbage-first heap   total 528384K, used 210349K [0x0000000600000000, 0x0000000800000000)
  region size 4096K, 7 young (28672K), 7 survivors (28672K)
 Metaspace       used 133156K, committed 135488K, reserved 1179648K
  class space    used 18766K, committed 19904K, reserved 1048576K
}
Event: 342.598 GC heap before
{Heap before GC invocations=100 (full 0):
 garbage-first heap   total 528384K, used 468397K [0x0000000600000000, 0x0000000800000000)
  region size 4096K, 70 young (286720K), 7 survivors (28672K)
 Metaspace       used 138296K, committed 140672K, reserved 1179648K
  class space    used 19313K, committed 20480K, reserved 1048576K
}
Event: 343.837 GC heap after
{Heap after GC invocations=101 (full 0):
 garbage-first heap   total 528384K, used 220462K [0x0000000600000000, 0x0000000800000000)
  region size 4096K, 7 young (28672K), 7 survivors (28672K)
 Metaspace       used 138296K, committed 140672K, reserved 1179648K
  class space    used 19313K, committed 20480K, reserved 1048576K
}
Event: 348.423 GC heap before
{Heap before GC invocations=101 (full 0):
 garbage-first heap   total 528384K, used 462126K [0x0000000600000000, 0x0000000800000000)
  region size 4096K, 67 young (274432K), 7 survivors (28672K)
 Metaspace       used 138303K, committed 140672K, reserved 1179648K
  class space    used 19314K, committed 20480K, reserved 1048576K
}
Event: 349.062 GC heap after
{Heap after GC invocations=102 (full 0):
 garbage-first heap   total 1019904K, used 226543K [0x0000000600000000, 0x0000000800000000)
  region size 4096K, 4 young (16384K), 4 survivors (16384K)
 Metaspace       used 138303K, committed 140672K, reserved 1179648K
  class space    used 19314K, committed 20480K, reserved 1048576K
}
Event: 349.566 GC heap before
{Heap before GC invocations=102 (full 0):
 garbage-first heap   total 1019904K, used 259311K [0x0000000600000000, 0x0000000800000000)
  region size 4096K, 12 young (49152K), 4 survivors (16384K)
 Metaspace       used 138305K, committed 140672K, reserved 1179648K
  class space    used 19315K, committed 20480K, reserved 1048576K
}
Event: 349.836 GC heap after
{Heap after GC invocations=103 (full 0):
 garbage-first heap   total 1019904K, used 229087K [0x0000000600000000, 0x0000000800000000)
  region size 4096K, 1 young (4096K), 1 survivors (4096K)
 Metaspace       used 138305K, committed 140672K, reserved 1179648K
  class space    used 19315K, committed 20480K, reserved 1048576K
}
Event: 376.371 GC heap before
{Heap before GC invocations=103 (full 0):
 garbage-first heap   total 1019904K, used 425695K [0x0000000600000000, 0x0000000800000000)
  region size 4096K, 50 young (204800K), 1 survivors (4096K)
 Metaspace       used 138315K, committed 140672K, reserved 1179648K
  class space    used 19315K, committed 20480K, reserved 1048576K
}
Event: 376.474 GC heap after
{Heap after GC invocations=104 (full 0):
 garbage-first heap   total 1019904K, used 243822K [0x0000000600000000, 0x0000000800000000)
  region size 4096K, 5 young (20480K), 5 survivors (20480K)
 Metaspace       used 138315K, committed 140672K, reserved 1179648K
  class space    used 19315K, committed 20480K, reserved 1048576K
}
Event: 376.703 GC heap before
{Heap before GC invocations=104 (full 0):
 garbage-first heap   total 1019904K, used 272494K [0x0000000600000000, 0x0000000800000000)
  region size 4096K, 12 young (49152K), 5 survivors (20480K)
 Metaspace       used 138316K, committed 140672K, reserved 1179648K
  class space    used 19315K, committed 20480K, reserved 1048576K
}
Event: 376.783 GC heap after
{Heap after GC invocations=105 (full 0):
 garbage-first heap   total 1019904K, used 245456K [0x0000000600000000, 0x0000000800000000)
  region size 4096K, 1 young (4096K), 1 survivors (4096K)
 Metaspace       used 138316K, committed 140672K, reserved 1179648K
  class space    used 19315K, committed 20480K, reserved 1048576K
}
Event: 383.993 GC heap before
{Heap before GC invocations=105 (full 0):
 garbage-first heap   total 1019904K, used 556752K [0x0000000600000000, 0x0000000800000000)
  region size 4096K, 78 young (319488K), 1 survivors (4096K)
 Metaspace       used 138318K, committed 140672K, reserved 1179648K
  class space    used 19315K, committed 20480K, reserved 1048576K
}
Event: 384.092 GC heap after
{Heap after GC invocations=106 (full 0):
 garbage-first heap   total 1019904K, used 246545K [0x0000000600000000, 0x0000000800000000)
  region size 4096K, 1 young (4096K), 1 survivors (4096K)
 Metaspace       used 138318K, committed 140672K, reserved 1179648K
  class space    used 19315K, committed 20480K, reserved 1048576K
}
Event: 404.440 GC heap before
{Heap before GC invocations=106 (full 0):
 garbage-first heap   total 1019904K, used 766737K [0x0000000600000000, 0x0000000800000000)
  region size 4096K, 129 young (528384K), 1 survivors (4096K)
 Metaspace       used 138337K, committed 140672K, reserved 1179648K
  class space    used 19315K, committed 20480K, reserved 1048576K
}
Event: 404.562 GC heap after
{Heap after GC invocations=107 (full 0):
 garbage-first heap   total 1019904K, used 247516K [0x0000000600000000, 0x0000000800000000)
  region size 4096K, 2 young (8192K), 2 survivors (8192K)
 Metaspace       used 138337K, committed 140672K, reserved 1179648K
  class space    used 19315K, committed 20480K, reserved 1048576K
}
Event: 419.526 GC heap before
{Heap before GC invocations=107 (full 0):
 garbage-first heap   total 1019904K, used 849628K [0x0000000600000000, 0x0000000800000000)
  region size 4096K, 149 young (610304K), 2 survivors (8192K)
 Metaspace       used 138345K, committed 140672K, reserved 1179648K
  class space    used 19315K, committed 20480K, reserved 1048576K
}
Event: 420.163 GC heap after
{Heap after GC invocations=108 (full 0):
 garbage-first heap   total 1019904K, used 254403K [0x0000000600000000, 0x0000000800000000)
  region size 4096K, 3 young (12288K), 3 survivors (12288K)
 Metaspace       used 138345K, committed 140672K, reserved 1179648K
  class space    used 19315K, committed 20480K, reserved 1048576K
}
Event: 421.512 GC heap before
{Heap before GC invocations=108 (full 0):
 garbage-first heap   total 1019904K, used 291267K [0x0000000600000000, 0x0000000800000000)
  region size 4096K, 12 young (49152K), 3 survivors (12288K)
 Metaspace       used 138345K, committed 140672K, reserved 1179648K
  class space    used 19315K, committed 20480K, reserved 1048576K
}

