# JRE version: OpenJDK Runtime Environment Temurin-17.0.17+10 (17.0.17+10) (build 17.0.17+10)
# Java VM: OpenJDK 64-Bit Server VM Temurin-17.0.17+10 (17.0.17+10, mixed mode, sharing, tiered, compressed oops, compressed class ptrs, parallel gc, windows-amd64)
GC Precious Log:
 CPUs: 4 total, 4 available
 Memory: 4005M
 Large Page Support: Disabled
 NUMA Support: Disabled
 Compressed Oops: Enabled (Zero based)
 Alignments: Space 512K, Generation 512K, Heap 2M
 Heap Min Capacity: 8M
 Heap Initial Capacity: 64M
 Heap Max Capacity: 4G
 Pre-touch: Disabled
 Parallel Workers: 4
Heap:
 PSYoungGen      total 905728K, used 209524K [0x00000007aab00000, 0x00000007eaa00000, 0x0000000800000000)
  eden space 787968K, 26% used [0x00000007aab00000,0x00000007b779d0e0,0x00000007dac80000)
  from space 117760K, 0% used [0x00000007dac80000,0x00000007dac80000,0x00000007e1f80000)
  to   space 105984K, 0% used [0x00000007e1f80000,0x00000007e1f80000,0x00000007e8700000)
 ParOldGen       total 382464K, used 266989K [0x0000000700000000, 0x0000000717580000, 0x00000007aab00000)
  object space 382464K, 69% used [0x0000000700000000,0x00000007104bb6e8,0x0000000717580000)
 Metaspace       used 175363K, committed 177152K, reserved 1245184K
  class space    used 22898K, committed 23744K, reserved 1048576K
GC Heap History (20 events):
Event: 900.138 GC heap before
{Heap before GC invocations=68 (full 8):
 PSYoungGen      total 608256K, used 549940K [0x00000007aab00000, 0x00000007d6b80000, 0x0000000800000000)
  eden space 532480K, 100% used [0x00000007aab00000,0x00000007cb300000,0x00000007cb300000)
  from space 75776K, 23% used [0x00000007cb300000,0x00000007cc40d370,0x00000007cfd00000)
  to   space 70656K, 0% used [0x00000007d2680000,0x00000007d2680000,0x00000007d6b80000)
 ParOldGen       total 382464K, used 266998K [0x0000000700000000, 0x0000000717580000, 0x00000007aab00000)
  object space 382464K, 69% used [0x0000000700000000,0x00000007104bd818,0x0000000717580000)
 Metaspace       used 174892K, committed 176640K, reserved 1245184K
  class space    used 22863K, committed 23680K, reserved 1048576K
}
Event: 900.883 GC heap after
{Heap after GC invocations=68 (full 8):
 PSYoungGen      total 652288K, used 29249K [0x00000007aab00000, 0x00000007d6b80000, 0x0000000800000000)
  eden space 581632K, 0% used [0x00000007aab00000,0x00000007aab00000,0x00000007ce300000)
  from space 70656K, 41% used [0x00000007d2680000,0x00000007d4310480,0x00000007d6b80000)
  to   space 69120K, 0% used [0x00000007ce300000,0x00000007ce300000,0x00000007d2680000)
 ParOldGen       total 382464K, used 266998K [0x0000000700000000, 0x0000000717580000, 0x00000007aab00000)
  object space 382464K, 69% used [0x0000000700000000,0x00000007104bd818,0x0000000717580000)
 Metaspace       used 174892K, committed 176640K, reserved 1245184K
  class space    used 22863K, committed 23680K, reserved 1048576K
}
Event: 913.972 GC heap before
{Heap before GC invocations=69 (full 8):
 PSYoungGen      total 652288K, used 610881K [0x00000007aab00000, 0x00000007d6b80000, 0x0000000800000000)
  eden space 581632K, 100% used [0x00000007aab00000,0x00000007ce300000,0x00000007ce300000)
  from space 70656K, 41% used [0x00000007d2680000,0x00000007d4310480,0x00000007d6b80000)
  to   space 69120K, 0% used [0x00000007ce300000,0x00000007ce300000,0x00000007d2680000)
 ParOldGen       total 382464K, used 266998K [0x0000000700000000, 0x0000000717580000, 0x00000007aab00000)
  object space 382464K, 69% used [0x0000000700000000,0x00000007104bd818,0x0000000717580000)
 Metaspace       used 174997K, committed 176832K, reserved 1245184K
  class space    used 22874K, committed 23744K, reserved 1048576K
}
Event: 914.981 GC heap after
{Heap after GC invocations=69 (full 8):
 PSYoungGen      total 650752K, used 19805K [0x00000007aab00000, 0x00000007d9d00000, 0x0000000800000000)
  eden space 581632K, 0% used [0x00000007aab00000,0x00000007aab00000,0x00000007ce300000)
  from space 69120K, 28% used [0x00000007ce300000,0x00000007cf657580,0x00000007d2680000)
  to   space 64512K, 0% used [0x00000007d5e00000,0x00000007d5e00000,0x00000007d9d00000)
 ParOldGen       total 382464K, used 267006K [0x0000000700000000, 0x0000000717580000, 0x00000007aab00000)
  object space 382464K, 69% used [0x0000000700000000,0x00000007104bf818,0x0000000717580000)
 Metaspace       used 174997K, committed 176832K, reserved 1245184K
  class space    used 22874K, committed 23744K, reserved 1048576K
}
Event: 931.213 GC heap before
{Heap before GC invocations=70 (full 8):
 PSYoungGen      total 650752K, used 601437K [0x00000007aab00000, 0x00000007d9d00000, 0x0000000800000000)
  eden space 581632K, 100% used [0x00000007aab00000,0x00000007ce300000,0x00000007ce300000)
  from space 69120K, 28% used [0x00000007ce300000,0x00000007cf657580,0x00000007d2680000)
  to   space 64512K, 0% used [0x00000007d5e00000,0x00000007d5e00000,0x00000007d9d00000)
 ParOldGen       total 382464K, used 267006K [0x0000000700000000, 0x0000000717580000, 0x00000007aab00000)
  object space 382464K, 69% used [0x0000000700000000,0x00000007104bf818,0x0000000717580000)
 Metaspace       used 175033K, committed 176832K, reserved 1245184K
  class space    used 22875K, committed 23744K, reserved 1048576K
}
Event: 931.905 GC heap after
{Heap after GC invocations=70 (full 8):
 PSYoungGen      total 699392K, used 16405K [0x00000007aab00000, 0x00000007d9580000, 0x0000000800000000)
  eden space 642560K, 0% used [0x00000007aab00000,0x00000007aab00000,0x00000007d1e80000)
  from space 56832K, 28% used [0x00000007d5e00000,0x00000007d6e05548,0x00000007d9580000)
  to   space 60928K, 0% used [0x00000007d1e80000,0x00000007d1e80000,0x00000007d5a00000)
 ParOldGen       total 382464K, used 267014K [0x0000000700000000, 0x0000000717580000, 0x00000007aab00000)
  object space 382464K, 69% used [0x0000000700000000,0x00000007104c1818,0x0000000717580000)
 Metaspace       used 175033K, committed 176832K, reserved 1245184K
  class space    used 22875K, committed 23744K, reserved 1048576K
}
Event: 944.442 GC heap before
{Heap before GC invocations=71 (full 8):
 PSYoungGen      total 699392K, used 658965K [0x00000007aab00000, 0x00000007d9580000, 0x0000000800000000)
  eden space 642560K, 100% used [0x00000007aab00000,0x00000007d1e80000,0x00000007d1e80000)
  from space 56832K, 28% used [0x00000007d5e00000,0x00000007d6e05548,0x00000007d9580000)
  to   space 60928K, 0% used [0x00000007d1e80000,0x00000007d1e80000,0x00000007d5a00000)
 ParOldGen       total 382464K, used 267014K [0x0000000700000000, 0x0000000717580000, 0x00000007aab00000)
  object space 382464K, 69% used [0x0000000700000000,0x00000007104c1818,0x0000000717580000)
 Metaspace       used 175138K, committed 176960K, reserved 1245184K
  class space    used 22877K, committed 23744K, reserved 1048576K
}
Event: 945.641 GC heap after
{Heap after GC invocations=71 (full 8):
 PSYoungGen      total 703488K, used 60916K [0x00000007aab00000, 0x00000007dff00000, 0x0000000800000000)
  eden space 642560K, 0% used [0x00000007aab00000,0x00000007aab00000,0x00000007d1e80000)
  from space 60928K, 99% used [0x00000007d1e80000,0x00000007d59fd260,0x00000007d5a00000)
  to   space 77824K, 0% used [0x00000007db300000,0x00000007db300000,0x00000007dff00000)
 ParOldGen       total 382464K, used 282520K [0x0000000700000000, 0x0000000717580000, 0x00000007aab00000)
  object space 382464K, 73% used [0x0000000700000000,0x00000007113e6300,0x0000000717580000)
 Metaspace       used 175138K, committed 176960K, reserved 1245184K
  class space    used 22877K, committed 23744K, reserved 1048576K
}
Event: 951.060 GC heap before
{Heap before GC invocations=72 (full 8):
 PSYoungGen      total 703488K, used 703476K [0x00000007aab00000, 0x00000007dff00000, 0x0000000800000000)
  eden space 642560K, 100% used [0x00000007aab00000,0x00000007d1e80000,0x00000007d1e80000)
  from space 60928K, 99% used [0x00000007d1e80000,0x00000007d59fd260,0x00000007d5a00000)
  to   space 77824K, 0% used [0x00000007db300000,0x00000007db300000,0x00000007dff00000)
 ParOldGen       total 382464K, used 282520K [0x0000000700000000, 0x0000000717580000, 0x00000007aab00000)
  object space 382464K, 73% used [0x0000000700000000,0x00000007113e6300,0x0000000717580000)
 Metaspace       used 175160K, committed 176960K, reserved 1245184K
  class space    used 22879K, committed 23744K, reserved 1048576K
}
Event: 952.086 GC heap after
{Heap after GC invocations=72 (full 8):
 PSYoungGen      total 778752K, used 77796K [0x00000007aab00000, 0x00000007e2980000, 0x0000000800000000)
  eden space 700928K, 0% used [0x00000007aab00000,0x00000007aab00000,0x00000007d5780000)
  from space 77824K, 99% used [0x00000007db300000,0x00000007dfef90b0,0x00000007dff00000)
  to   space 93696K, 0% used [0x00000007d5780000,0x00000007d5780000,0x00000007db300000)
 ParOldGen       total 382464K, used 287746K [0x0000000700000000, 0x0000000717580000, 0x00000007aab00000)
  object space 382464K, 75% used [0x0000000700000000,0x0000000711900ac0,0x0000000717580000)
 Metaspace       used 175160K, committed 176960K, reserved 1245184K
  class space    used 22879K, committed 23744K, reserved 1048576K
}
Event: 957.341 GC heap before
{Heap before GC invocations=73 (full 8):
 PSYoungGen      total 778752K, used 778724K [0x00000007aab00000, 0x00000007e2980000, 0x0000000800000000)
  eden space 700928K, 100% used [0x00000007aab00000,0x00000007d5780000,0x00000007d5780000)
  from space 77824K, 99% used [0x00000007db300000,0x00000007dfef90b0,0x00000007dff00000)
  to   space 93696K, 0% used [0x00000007d5780000,0x00000007d5780000,0x00000007db300000)
 ParOldGen       total 382464K, used 287746K [0x0000000700000000, 0x0000000717580000, 0x00000007aab00000)
  object space 382464K, 75% used [0x0000000700000000,0x0000000711900ac0,0x0000000717580000)
 Metaspace       used 175188K, committed 176960K, reserved 1245184K
  class space    used 22882K, committed 23744K, reserved 1048576K
}
Event: 958.215 GC heap after
{Heap after GC invocations=73 (full 8):
 PSYoungGen      total 794624K, used 81535K [0x00000007aab00000, 0x00000007e8700000, 0x0000000800000000)
  eden space 700928K, 0% used [0x00000007aab00000,0x00000007aab00000,0x00000007d5780000)
  from space 93696K, 87% used [0x00000007d5780000,0x00000007da71fee8,0x00000007db300000)
  to   space 105984K, 0% used [0x00000007e1f80000,0x00000007e1f80000,0x00000007e8700000)
 ParOldGen       total 382464K, used 288701K [0x0000000700000000, 0x0000000717580000, 0x00000007aab00000)
  object space 382464K, 75% used [0x0000000700000000,0x00000007119ef6d0,0x0000000717580000)
 Metaspace       used 175188K, committed 176960K, reserved 1245184K
  class space    used 22882K, committed 23744K, reserved 1048576K
}
Event: 961.402 GC heap before
{Heap before GC invocations=74 (full 8):
 PSYoungGen      total 794624K, used 782463K [0x00000007aab00000, 0x00000007e8700000, 0x0000000800000000)
  eden space 700928K, 100% used [0x00000007aab00000,0x00000007d5780000,0x00000007d5780000)
  from space 93696K, 87% used [0x00000007d5780000,0x00000007da71fee8,0x00000007db300000)
  to   space 105984K, 0% used [0x00000007e1f80000,0x00000007e1f80000,0x00000007e8700000)
 ParOldGen       total 382464K, used 288701K [0x0000000700000000, 0x0000000717580000, 0x00000007aab00000)
  object space 382464K, 75% used [0x0000000700000000,0x00000007119ef6d0,0x0000000717580000)
 Metaspace       used 175259K, committed 177024K, reserved 1245184K
  class space    used 22894K, committed 23744K, reserved 1048576K
}
Event: 962.624 GC heap after
{Heap after GC invocations=74 (full 8):
 PSYoungGen      total 806912K, used 79071K [0x00000007aab00000, 0x00000007e8700000, 0x0000000800000000)
  eden space 700928K, 0% used [0x00000007aab00000,0x00000007aab00000,0x00000007d5780000)
  from space 105984K, 74% used [0x00000007e1f80000,0x00000007e6cb7e58,0x00000007e8700000)
  to   space 93696K, 0% used [0x00000007d5780000,0x00000007d5780000,0x00000007db300000)
 ParOldGen       total 382464K, used 289253K [0x0000000700000000, 0x0000000717580000, 0x00000007aab00000)
  object space 382464K, 75% used [0x0000000700000000,0x0000000711a796d0,0x0000000717580000)
 Metaspace       used 175259K, committed 177024K, reserved 1245184K
  class space    used 22894K, committed 23744K, reserved 1048576K
}
Event: 969.726 GC heap before
{Heap before GC invocations=75 (full 8):
 PSYoungGen      total 806912K, used 779999K [0x00000007aab00000, 0x00000007e8700000, 0x0000000800000000)
  eden space 700928K, 100% used [0x00000007aab00000,0x00000007d5780000,0x00000007d5780000)
  from space 105984K, 74% used [0x00000007e1f80000,0x00000007e6cb7e58,0x00000007e8700000)
  to   space 93696K, 0% used [0x00000007d5780000,0x00000007d5780000,0x00000007db300000)
 ParOldGen       total 382464K, used 289253K [0x0000000700000000, 0x0000000717580000, 0x00000007aab00000)
  object space 382464K, 75% used [0x0000000700000000,0x0000000711a796d0,0x0000000717580000)
 Metaspace       used 175282K, committed 177088K, reserved 1245184K
  class space    used 22896K, committed 23744K, reserved 1048576K
}
Event: 971.175 GC heap after
{Heap after GC invocations=75 (full 8):
 PSYoungGen      total 794624K, used 74799K [0x00000007aab00000, 0x00000007e8700000, 0x0000000800000000)
  eden space 700928K, 0% used [0x00000007aab00000,0x00000007aab00000,0x00000007d5780000)
  from space 93696K, 79% used [0x00000007d5780000,0x00000007da08bed8,0x00000007db300000)
  to   space 105984K, 0% used [0x00000007e1f80000,0x00000007e1f80000,0x00000007e8700000)
 ParOldGen       total 382464K, used 289309K [0x0000000700000000, 0x0000000717580000, 0x00000007aab00000)
  object space 382464K, 75% used [0x0000000700000000,0x0000000711a876d0,0x0000000717580000)
 Metaspace       used 175282K, committed 177088K, reserved 1245184K
  class space    used 22896K, committed 23744K, reserved 1048576K
}
Event: 982.161 GC heap before
{Heap before GC invocations=76 (full 8):
 PSYoungGen      total 794624K, used 775727K [0x00000007aab00000, 0x00000007e8700000, 0x0000000800000000)
  eden space 700928K, 100% used [0x00000007aab00000,0x00000007d5780000,0x00000007d5780000)
  from space 93696K, 79% used [0x00000007d5780000,0x00000007da08bed8,0x00000007db300000)
  to   space 105984K, 0% used [0x00000007e1f80000,0x00000007e1f80000,0x00000007e8700000)
 ParOldGen       total 382464K, used 289309K [0x0000000700000000, 0x0000000717580000, 0x00000007aab00000)
  object space 382464K, 75% used [0x0000000700000000,0x0000000711a876d0,0x0000000717580000)
 Metaspace       used 175313K, committed 177088K, reserved 1245184K
  class space    used 22896K, committed 23744K, reserved 1048576K
}
Event: 984.469 GC heap after
{Heap after GC invocations=76 (full 8):
 PSYoungGen      total 893952K, used 12770K [0x00000007aab00000, 0x00000007eaa00000, 0x0000000800000000)
  eden space 787968K, 0% used [0x00000007aab00000,0x00000007aab00000,0x00000007dac80000)
  from space 105984K, 12% used [0x00000007e1f80000,0x00000007e2bf8838,0x00000007e8700000)
  to   space 117760K, 0% used [0x00000007dac80000,0x00000007dac80000,0x00000007e1f80000)
 ParOldGen       total 382464K, used 348960K [0x0000000700000000, 0x0000000717580000, 0x00000007aab00000)
  object space 382464K, 91% used [0x0000000700000000,0x00000007154c8240,0x0000000717580000)
 Metaspace       used 175313K, committed 177088K, reserved 1245184K
  class space    used 22896K, committed 23744K, reserved 1048576K
}
Event: 991.299 GC heap before
{Heap before GC invocations=77 (full 9):
 PSYoungGen      total 893952K, used 800738K [0x00000007aab00000, 0x00000007eaa00000, 0x0000000800000000)
  eden space 787968K, 100% used [0x00000007aab00000,0x00000007dac80000,0x00000007dac80000)
  from space 105984K, 12% used [0x00000007e1f80000,0x00000007e2bf8838,0x00000007e8700000)
  to   space 117760K, 0% used [0x00000007dac80000,0x00000007dac80000,0x00000007e1f80000)
 ParOldGen       total 382464K, used 348960K [0x0000000700000000, 0x0000000717580000, 0x00000007aab00000)
  object space 382464K, 91% used [0x0000000700000000,0x00000007154c8240,0x0000000717580000)
 Metaspace       used 175353K, committed 177152K, reserved 1245184K
  class space    used 22898K, committed 23744K, reserved 1048576K
}
Event: 1000.649 GC heap after
{Heap after GC invocations=77 (full 9):
 PSYoungGen      total 905728K, used 0K [0x00000007aab00000, 0x00000007eaa00000, 0x0000000800000000)
  eden space 787968K, 0% used [0x00000007aab00000,0x00000007aab00000,0x00000007dac80000)
  from space 117760K, 0% used [0x00000007dac80000,0x00000007dac80000,0x00000007e1f80000)
  to   space 105984K, 0% used [0x00000007e1f80000,0x00000007e1f80000,0x00000007e8700000)
 ParOldGen       total 382464K, used 266989K [0x0000000700000000, 0x0000000717580000, 0x00000007aab00000)
  object space 382464K, 69% used [0x0000000700000000,0x00000007104bb6e8,0x0000000717580000)
 Metaspace       used 175353K, committed 177152K, reserved 1245184K
  class space    used 22898K, committed 23744K, reserved 1048576K
}

