# JRE version: OpenJDK Runtime Environment (21.0.8) (build 21.0.8+-14196175-b1038.72)
# Java VM: OpenJDK 64-Bit Server VM (21.0.8+-14196175-b1038.72, mixed mode, tiered, compressed oops, compressed class ptrs, g1 gc, windows-amd64)
GC Precious Log:
 CardTable entry size: 512
 Card Set container configuration: InlinePtr #cards 4 size 8 Array Of Cards #cards 32 size 80 Howl #buckets 8 coarsen threshold 7372 Howl Bitmap #cards 1024 size 144 coarsen threshold 921 Card regions per heap region 1 cards per card region 8192
 CPUs: 4 total, 4 available
 Memory: 4005M
 Large Page Support: Disabled
 NUMA Support: Disabled
 Compressed Oops: Enabled (Zero based)
 Heap Region Size: 4M
 Heap Min Capacity: 8M
 Heap Initial Capacity: 64M
 Heap Max Capacity: 8G
 Pre-touch: Disabled
 Parallel Workers: 4
 Concurrent Workers: 1
 Concurrent Refinement Workers: 4
 Periodic GC: Disabled
Heap:
 garbage-first heap   total 1191936K, used 256212K [0x0000000600000000, 0x0000000800000000)
  region size 4096K, 1 young (4096K), 1 survivors (4096K)
 Metaspace       used 203539K, committed 206336K, reserved 1245184K
  class space    used 27070K, committed 28416K, reserved 1048576K
GC Heap History (20 events):
Event: 250.308 GC heap after
{Heap after GC invocations=99 (full 0):
 garbage-first heap   total 442368K, used 220361K [0x0000000600000000, 0x0000000800000000)
  region size 4096K, 2 young (8192K), 2 survivors (8192K)
 Metaspace       used 199766K, committed 202432K, reserved 1245184K
  class space    used 26617K, committed 27904K, reserved 1048576K
}
Event: 251.879 GC heap before
{Heap before GC invocations=99 (full 0):
 garbage-first heap   total 442368K, used 404681K [0x0000000600000000, 0x0000000800000000)
  region size 4096K, 47 young (192512K), 2 survivors (8192K)
 Metaspace       used 199768K, committed 202432K, reserved 1245184K
  class space    used 26617K, committed 27904K, reserved 1048576K
}
Event: 251.997 GC heap after
{Heap after GC invocations=100 (full 0):
 garbage-first heap   total 442368K, used 222499K [0x0000000600000000, 0x0000000800000000)
  region size 4096K, 2 young (8192K), 2 survivors (8192K)
 Metaspace       used 199768K, committed 202432K, reserved 1245184K
  class space    used 26617K, committed 27904K, reserved 1048576K
}
Event: 254.003 GC heap before
{Heap before GC invocations=101 (full 0):
 garbage-first heap   total 442368K, used 406819K [0x0000000600000000, 0x0000000800000000)
  region size 4096K, 47 young (192512K), 2 survivors (8192K)
 Metaspace       used 199775K, committed 202432K, reserved 1245184K
  class space    used 26617K, committed 27904K, reserved 1048576K
}
Event: 254.031 GC heap after
{Heap after GC invocations=102 (full 0):
 garbage-first heap   total 442368K, used 223028K [0x0000000600000000, 0x0000000800000000)
  region size 4096K, 2 young (8192K), 2 survivors (8192K)
 Metaspace       used 199775K, committed 202432K, reserved 1245184K
  class space    used 26617K, committed 27904K, reserved 1048576K
}
Event: 258.702 GC heap before
{Heap before GC invocations=102 (full 0):
 garbage-first heap   total 442368K, used 407348K [0x0000000600000000, 0x0000000800000000)
  region size 4096K, 47 young (192512K), 2 survivors (8192K)
 Metaspace       used 199898K, committed 202624K, reserved 1245184K
  class space    used 26620K, committed 27968K, reserved 1048576K
}
Event: 258.765 GC heap after
{Heap after GC invocations=103 (full 0):
 garbage-first heap   total 1191936K, used 217714K [0x0000000600000000, 0x0000000800000000)
  region size 4096K, 2 young (8192K), 2 survivors (8192K)
 Metaspace       used 199898K, committed 202624K, reserved 1245184K
  class space    used 26620K, committed 27968K, reserved 1048576K
}
Event: 266.671 GC heap before
{Heap before GC invocations=103 (full 0):
 garbage-first heap   total 1191936K, used 918130K [0x0000000600000000, 0x0000000800000000)
  region size 4096K, 174 young (712704K), 2 survivors (8192K)
 Metaspace       used 199932K, committed 202624K, reserved 1245184K
  class space    used 26620K, committed 27968K, reserved 1048576K
}
Event: 267.070 GC heap after
{Heap after GC invocations=104 (full 0):
 garbage-first heap   total 1191936K, used 223995K [0x0000000600000000, 0x0000000800000000)
  region size 4096K, 4 young (16384K), 4 survivors (16384K)
 Metaspace       used 199932K, committed 202624K, reserved 1245184K
  class space    used 26620K, committed 27968K, reserved 1048576K
}
Event: 267.198 GC heap before
{Heap before GC invocations=104 (full 0):
 garbage-first heap   total 1191936K, used 264955K [0x0000000600000000, 0x0000000800000000)
  region size 4096K, 14 young (57344K), 4 survivors (16384K)
 Metaspace       used 199932K, committed 202624K, reserved 1245184K
  class space    used 26620K, committed 27968K, reserved 1048576K
}
Event: 267.348 GC heap after
{Heap after GC invocations=105 (full 0):
 garbage-first heap   total 1191936K, used 225935K [0x0000000600000000, 0x0000000800000000)
  region size 4096K, 1 young (4096K), 1 survivors (4096K)
 Metaspace       used 199932K, committed 202624K, reserved 1245184K
  class space    used 26620K, committed 27968K, reserved 1048576K
}
Event: 293.829 GC heap before
{Heap before GC invocations=105 (full 0):
 garbage-first heap   total 1191936K, used 930447K [0x0000000600000000, 0x0000000800000000)
  region size 4096K, 174 young (712704K), 1 survivors (4096K)
 Metaspace       used 200082K, committed 202816K, reserved 1245184K
  class space    used 26625K, committed 27968K, reserved 1048576K
}
Event: 293.994 GC heap after
{Heap after GC invocations=106 (full 0):
 garbage-first heap   total 1191936K, used 229199K [0x0000000600000000, 0x0000000800000000)
  region size 4096K, 2 young (8192K), 2 survivors (8192K)
 Metaspace       used 200082K, committed 202816K, reserved 1245184K
  class space    used 26625K, committed 27968K, reserved 1048576K
}
Event: 316.879 GC heap before
{Heap before GC invocations=106 (full 0):
 garbage-first heap   total 1191936K, used 585551K [0x0000000600000000, 0x0000000800000000)
  region size 4096K, 89 young (364544K), 2 survivors (8192K)
 Metaspace       used 202637K, committed 205376K, reserved 1245184K
  class space    used 27021K, committed 28352K, reserved 1048576K
}
Event: 317.042 GC heap after
{Heap after GC invocations=107 (full 0):
 garbage-first heap   total 1191936K, used 243357K [0x0000000600000000, 0x0000000800000000)
  region size 4096K, 5 young (20480K), 5 survivors (20480K)
 Metaspace       used 202637K, committed 205376K, reserved 1245184K
  class space    used 27021K, committed 28352K, reserved 1048576K
}
Event: 318.314 GC heap before
{Heap before GC invocations=107 (full 0):
 garbage-first heap   total 1191936K, used 276125K [0x0000000600000000, 0x0000000800000000)
  region size 4096K, 14 young (57344K), 5 survivors (20480K)
 Metaspace       used 202761K, committed 205504K, reserved 1245184K
  class space    used 27042K, committed 28352K, reserved 1048576K
}
Event: 318.460 GC heap after
{Heap after GC invocations=108 (full 0):
 garbage-first heap   total 1191936K, used 249418K [0x0000000600000000, 0x0000000800000000)
  region size 4096K, 2 young (8192K), 2 survivors (8192K)
 Metaspace       used 202761K, committed 205504K, reserved 1245184K
  class space    used 27042K, committed 28352K, reserved 1048576K
}
Event: 359.700 GC heap before
{Heap before GC invocations=108 (full 0):
 garbage-first heap   total 1191936K, used 396874K [0x0000000600000000, 0x0000000800000000)
  region size 4096K, 38 young (155648K), 2 survivors (8192K)
 Metaspace       used 203526K, committed 206272K, reserved 1245184K
  class space    used 27069K, committed 28416K, reserved 1048576K
}
Event: 360.846 GC heap after
{Heap after GC invocations=109 (full 0):
 garbage-first heap   total 1191936K, used 252931K [0x0000000600000000, 0x0000000800000000)
  region size 4096K, 3 young (12288K), 3 survivors (12288K)
 Metaspace       used 203526K, committed 206272K, reserved 1245184K
  class space    used 27069K, committed 28416K, reserved 1048576K
}
Event: 409.745 GC heap before
{Heap before GC invocations=109 (full 0):
 garbage-first heap   total 1191936K, used 297987K [0x0000000600000000, 0x0000000800000000)
  region size 4096K, 14 young (57344K), 3 survivors (12288K)
 Metaspace       used 203539K, committed 206336K, reserved 1245184K
  class space    used 27070K, committed 28416K, reserved 1048576K
}

