# JRE version: OpenJDK Runtime Environment (21.0.8) (build 21.0.8+-14196175-b1038.72)
# Java VM: OpenJDK 64-Bit Server VM (21.0.8+-14196175-b1038.72, mixed mode, tiered, compressed oops, compressed class ptrs, g1 gc, windows-amd64)
GC Precious Log:
 CardTable entry size: 512
 Card Set container configuration: InlinePtr #cards 5 size 8 Array Of Cards #cards 12 size 40 Howl #buckets 4 coarsen threshold 1843 Howl Bitmap #cards 512 size 80 coarsen threshold 460 Card regions per heap region 1 cards per card region 2048
 CPUs: 4 total, 4 available
 Memory: 4005M
 Large Page Support: Disabled
 NUMA Support: Disabled
 Compressed Oops: Enabled (32-bit)
 Heap Region Size: 1M
 Heap Min Capacity: 8M
 Heap Initial Capacity: 64M
 Heap Max Capacity: 1536M
 Pre-touch: Disabled
 Parallel Workers: 4
 Concurrent Workers: 1
 Concurrent Refinement Workers: 4
 Periodic GC: Disabled
Heap:
 garbage-first heap   total 261120K, used 138944K [0x00000000a0000000, 0x0000000100000000)
  region size 1024K, 4 young (4096K), 4 survivors (4096K)
 Metaspace       used 126922K, committed 129152K, reserved 557056K
  class space    used 17971K, committed 19072K, reserved 425984K
GC Heap History (20 events):
Event: 52.349 GC heap after
{Heap after GC invocations=49 (full 0):
 garbage-first heap   total 152576K, used 98121K [0x00000000a0000000, 0x0000000100000000)
  region size 1024K, 3 young (3072K), 3 survivors (3072K)
 Metaspace       used 96618K, committed 98496K, reserved 557056K
  class space    used 13750K, committed 14656K, reserved 425984K
}
Event: 53.567 GC heap before
{Heap before GC invocations=49 (full 0):
 garbage-first heap   total 152576K, used 126793K [0x00000000a0000000, 0x0000000100000000)
  region size 1024K, 32 young (32768K), 3 survivors (3072K)
 Metaspace       used 99640K, committed 101632K, reserved 557056K
  class space    used 14080K, committed 15040K, reserved 425984K
}
Event: 53.592 GC heap after
{Heap after GC invocations=50 (full 0):
 garbage-first heap   total 152576K, used 99201K [0x00000000a0000000, 0x0000000100000000)
  region size 1024K, 4 young (4096K), 4 survivors (4096K)
 Metaspace       used 99640K, committed 101632K, reserved 557056K
  class space    used 14080K, committed 15040K, reserved 425984K
}
Event: 55.759 GC heap before
{Heap before GC invocations=50 (full 0):
 garbage-first heap   total 176128K, used 135041K [0x00000000a0000000, 0x0000000100000000)
  region size 1024K, 35 young (35840K), 4 survivors (4096K)
 Metaspace       used 101255K, committed 103168K, reserved 557056K
  class space    used 14305K, committed 15232K, reserved 425984K
}
Event: 55.790 GC heap after
{Heap after GC invocations=51 (full 0):
 garbage-first heap   total 261120K, used 104171K [0x00000000a0000000, 0x0000000100000000)
  region size 1024K, 5 young (5120K), 5 survivors (5120K)
 Metaspace       used 101255K, committed 103168K, reserved 557056K
  class space    used 14305K, committed 15232K, reserved 425984K
}
Event: 60.712 GC heap before
{Heap before GC invocations=52 (full 0):
 garbage-first heap   total 261120K, used 199403K [0x00000000a0000000, 0x0000000100000000)
  region size 1024K, 98 young (100352K), 5 survivors (5120K)
 Metaspace       used 108867K, committed 110848K, reserved 557056K
  class space    used 15368K, committed 16320K, reserved 425984K
}
Event: 60.830 GC heap after
{Heap after GC invocations=53 (full 0):
 garbage-first heap   total 261120K, used 108267K [0x00000000a0000000, 0x0000000100000000)
  region size 1024K, 9 young (9216K), 9 survivors (9216K)
 Metaspace       used 108867K, committed 110848K, reserved 557056K
  class space    used 15368K, committed 16320K, reserved 425984K
}
Event: 66.523 GC heap before
{Heap before GC invocations=53 (full 0):
 garbage-first heap   total 261120K, used 220907K [0x00000000a0000000, 0x0000000100000000)
  region size 1024K, 118 young (120832K), 9 survivors (9216K)
 Metaspace       used 115877K, committed 117952K, reserved 557056K
  class space    used 16454K, committed 17472K, reserved 425984K
}
Event: 66.781 GC heap after
{Heap after GC invocations=54 (full 0):
 garbage-first heap   total 261120K, used 113126K [0x00000000a0000000, 0x0000000100000000)
  region size 1024K, 14 young (14336K), 14 survivors (14336K)
 Metaspace       used 115877K, committed 117952K, reserved 557056K
  class space    used 16454K, committed 17472K, reserved 425984K
}
Event: 79.764 GC heap before
{Heap before GC invocations=54 (full 0):
 garbage-first heap   total 261120K, used 229862K [0x00000000a0000000, 0x0000000100000000)
  region size 1024K, 123 young (125952K), 14 survivors (14336K)
 Metaspace       used 124101K, committed 126272K, reserved 557056K
  class space    used 17536K, committed 18624K, reserved 425984K
}
Event: 80.453 GC heap after
{Heap after GC invocations=55 (full 0):
 garbage-first heap   total 261120K, used 118566K [0x00000000a0000000, 0x0000000100000000)
  region size 1024K, 12 young (12288K), 12 survivors (12288K)
 Metaspace       used 124101K, committed 126272K, reserved 557056K
  class space    used 17536K, committed 18624K, reserved 425984K
}
Event: 80.524 GC heap before
{Heap before GC invocations=55 (full 0):
 garbage-first heap   total 261120K, used 119590K [0x00000000a0000000, 0x0000000100000000)
  region size 1024K, 13 young (13312K), 12 survivors (12288K)
 Metaspace       used 124101K, committed 126272K, reserved 557056K
  class space    used 17536K, committed 18624K, reserved 425984K
}
Event: 80.913 GC heap after
{Heap after GC invocations=56 (full 0):
 garbage-first heap   total 261120K, used 120320K [0x00000000a0000000, 0x0000000100000000)
  region size 1024K, 2 young (2048K), 2 survivors (2048K)
 Metaspace       used 124101K, committed 126272K, reserved 557056K
  class space    used 17536K, committed 18624K, reserved 425984K
}
Event: 91.437 GC heap before
{Heap before GC invocations=57 (full 0):
 garbage-first heap   total 261120K, used 166400K [0x00000000a0000000, 0x0000000100000000)
  region size 1024K, 48 young (49152K), 2 survivors (2048K)
 Metaspace       used 124269K, committed 126464K, reserved 557056K
  class space    used 17541K, committed 18624K, reserved 425984K
}
Event: 91.518 GC heap after
{Heap after GC invocations=58 (full 0):
 garbage-first heap   total 261120K, used 122043K [0x00000000a0000000, 0x0000000100000000)
  region size 1024K, 4 young (4096K), 4 survivors (4096K)
 Metaspace       used 124269K, committed 126464K, reserved 557056K
  class space    used 17541K, committed 18624K, reserved 425984K
}
Event: 108.568 GC heap before
{Heap before GC invocations=58 (full 0):
 garbage-first heap   total 261120K, used 232635K [0x00000000a0000000, 0x0000000100000000)
  region size 1024K, 110 young (112640K), 4 survivors (4096K)
 Metaspace       used 126825K, committed 129088K, reserved 557056K
  class space    used 17964K, committed 19072K, reserved 425984K
}
Event: 108.837 GC heap after
{Heap after GC invocations=59 (full 0):
 garbage-first heap   total 261120K, used 135401K [0x00000000a0000000, 0x0000000100000000)
  region size 1024K, 14 young (14336K), 14 survivors (14336K)
 Metaspace       used 126825K, committed 129088K, reserved 557056K
  class space    used 17964K, committed 19072K, reserved 425984K
}
Event: 108.922 GC heap before
{Heap before GC invocations=59 (full 0):
 garbage-first heap   total 261120K, used 136425K [0x00000000a0000000, 0x0000000100000000)
  region size 1024K, 15 young (15360K), 14 survivors (14336K)
 Metaspace       used 126861K, committed 129088K, reserved 557056K
  class space    used 17964K, committed 19072K, reserved 425984K
}
Event: 109.068 GC heap after
{Heap after GC invocations=60 (full 0):
 garbage-first heap   total 261120K, used 137000K [0x00000000a0000000, 0x0000000100000000)
  region size 1024K, 2 young (2048K), 2 survivors (2048K)
 Metaspace       used 126861K, committed 129088K, reserved 557056K
  class space    used 17964K, committed 19072K, reserved 425984K
}
Event: 110.837 GC heap before
{Heap before GC invocations=60 (full 0):
 garbage-first heap   total 261120K, used 209704K [0x00000000a0000000, 0x0000000100000000)
  region size 1024K, 75 young (76800K), 2 survivors (2048K)
 Metaspace       used 126922K, committed 129152K, reserved 557056K
  class space    used 17971K, committed 19072K, reserved 425984K
}

