# JRE version: OpenJDK Runtime Environment Temurin-17.0.17+10 (17.0.17+10) (build 17.0.17+10)
# Java VM: OpenJDK 64-Bit Server VM Temurin-17.0.17+10 (17.0.17+10, mixed mode, sharing, tiered, compressed oops, compressed class ptrs, g1 gc, windows-amd64)
GC Precious Log:
 CPUs: 4 total, 4 available
 Memory: 4005M
 Large Page Support: Disabled
 NUMA Support: Disabled
 Compressed Oops: Enabled (32-bit)
 Heap Region Size: 1M
 Heap Min Capacity: 8M
 Heap Initial Capacity: 64M
 Heap Max Capacity: 1002M
 Pre-touch: Disabled
 Parallel Workers: 4
 Concurrent Workers: 1
 Concurrent Refinement Workers: 4
 Periodic GC: Disabled
Heap:
 garbage-first heap   total 118784K, used 64815K [0x00000000c1600000, 0x0000000100000000)
  region size 1024K, 22 young (22528K), 2 survivors (2048K)
 Metaspace       used 51377K, committed 51584K, reserved 1114112K
  class space    used 6044K, committed 6144K, reserved 1048576K
GC Heap History (20 events):
Event: 12.529 GC heap before
{Heap before GC invocations=10 (full 0):
 garbage-first heap   total 62464K, used 39287K [0x00000000c1600000, 0x0000000100000000)
  region size 1024K, 21 young (21504K), 1 survivors (1024K)
 Metaspace       used 35741K, committed 35968K, reserved 1114112K
  class space    used 4473K, committed 4544K, reserved 1048576K
}
Event: 12.539 GC heap after
{Heap after GC invocations=11 (full 0):
 garbage-first heap   total 62464K, used 21879K [0x00000000c1600000, 0x0000000100000000)
  region size 1024K, 2 young (2048K), 2 survivors (2048K)
 Metaspace       used 35741K, committed 35968K, reserved 1114112K
  class space    used 4473K, committed 4544K, reserved 1048576K
}
Event: 15.002 GC heap before
{Heap before GC invocations=12 (full 0):
 garbage-first heap   total 62464K, used 43383K [0x00000000c1600000, 0x0000000100000000)
  region size 1024K, 23 young (23552K), 2 survivors (2048K)
 Metaspace       used 39081K, committed 39296K, reserved 1114112K
  class space    used 4788K, committed 4864K, reserved 1048576K
}
Event: 15.017 GC heap after
{Heap after GC invocations=13 (full 0):
 garbage-first heap   total 62464K, used 25600K [0x00000000c1600000, 0x0000000100000000)
  region size 1024K, 3 young (3072K), 3 survivors (3072K)
 Metaspace       used 39081K, committed 39296K, reserved 1114112K
  class space    used 4788K, committed 4864K, reserved 1048576K
}
Event: 15.157 GC heap before
{Heap before GC invocations=13 (full 0):
 garbage-first heap   total 62464K, used 26624K [0x00000000c1600000, 0x0000000100000000)
  region size 1024K, 4 young (4096K), 3 survivors (3072K)
 Metaspace       used 39285K, committed 39552K, reserved 1114112K
  class space    used 4818K, committed 4928K, reserved 1048576K
}
Event: 15.177 GC heap after
{Heap after GC invocations=14 (full 0):
 garbage-first heap   total 62464K, used 26122K [0x00000000c1600000, 0x0000000100000000)
  region size 1024K, 1 young (1024K), 1 survivors (1024K)
 Metaspace       used 39285K, committed 39552K, reserved 1114112K
  class space    used 4818K, committed 4928K, reserved 1048576K
}
Event: 16.381 GC heap before
{Heap before GC invocations=14 (full 0):
 garbage-first heap   total 62464K, used 43530K [0x00000000c1600000, 0x0000000100000000)
  region size 1024K, 19 young (19456K), 1 survivors (1024K)
 Metaspace       used 43438K, committed 43712K, reserved 1114112K
  class space    used 5245K, committed 5376K, reserved 1048576K
}
Event: 16.390 GC heap after
{Heap after GC invocations=15 (full 0):
 garbage-first heap   total 62464K, used 26915K [0x00000000c1600000, 0x0000000100000000)
  region size 1024K, 2 young (2048K), 2 survivors (2048K)
 Metaspace       used 43438K, committed 43712K, reserved 1114112K
  class space    used 5245K, committed 5376K, reserved 1048576K
}
Event: 18.058 GC heap before
{Heap before GC invocations=15 (full 0):
 garbage-first heap   total 62464K, used 45347K [0x00000000c1600000, 0x0000000100000000)
  region size 1024K, 20 young (20480K), 2 survivors (2048K)
 Metaspace       used 46129K, committed 46400K, reserved 1114112K
  class space    used 5507K, committed 5632K, reserved 1048576K
}
Event: 18.072 GC heap after
{Heap after GC invocations=16 (full 0):
 garbage-first heap   total 62464K, used 29865K [0x00000000c1600000, 0x0000000100000000)
  region size 1024K, 3 young (3072K), 3 survivors (3072K)
 Metaspace       used 46129K, committed 46400K, reserved 1114112K
  class space    used 5507K, committed 5632K, reserved 1048576K
}
Event: 18.239 GC heap before
{Heap before GC invocations=16 (full 0):
 garbage-first heap   total 62464K, used 31913K [0x00000000c1600000, 0x0000000100000000)
  region size 1024K, 6 young (6144K), 3 survivors (3072K)
 Metaspace       used 46232K, committed 46528K, reserved 1114112K
  class space    used 5513K, committed 5632K, reserved 1048576K
}
Event: 18.250 GC heap after
{Heap after GC invocations=17 (full 0):
 garbage-first heap   total 62464K, used 31009K [0x00000000c1600000, 0x0000000100000000)
  region size 1024K, 1 young (1024K), 1 survivors (1024K)
 Metaspace       used 46232K, committed 46528K, reserved 1114112K
  class space    used 5513K, committed 5632K, reserved 1048576K
}
Event: 18.617 GC heap before
{Heap before GC invocations=18 (full 0):
 garbage-first heap   total 62464K, used 47393K [0x00000000c1600000, 0x0000000100000000)
  region size 1024K, 16 young (16384K), 1 survivors (1024K)
 Metaspace       used 46261K, committed 46528K, reserved 1114112K
  class space    used 5513K, committed 5632K, reserved 1048576K
}
Event: 18.631 GC heap after
{Heap after GC invocations=19 (full 0):
 garbage-first heap   total 62464K, used 37562K [0x00000000c1600000, 0x0000000100000000)
  region size 1024K, 2 young (2048K), 2 survivors (2048K)
 Metaspace       used 46261K, committed 46528K, reserved 1114112K
  class space    used 5513K, committed 5632K, reserved 1048576K
}
Event: 18.740 GC heap before
{Heap before GC invocations=19 (full 0):
 garbage-first heap   total 62464K, used 46778K [0x00000000c1600000, 0x0000000100000000)
  region size 1024K, 11 young (11264K), 2 survivors (2048K)
 Metaspace       used 46265K, committed 46528K, reserved 1114112K
  class space    used 5513K, committed 5632K, reserved 1048576K
}
Event: 18.750 GC heap after
{Heap after GC invocations=20 (full 0):
 garbage-first heap   total 62464K, used 41268K [0x00000000c1600000, 0x0000000100000000)
  region size 1024K, 2 young (2048K), 2 survivors (2048K)
 Metaspace       used 46265K, committed 46528K, reserved 1114112K
  class space    used 5513K, committed 5632K, reserved 1048576K
}
Event: 19.705 GC heap before
{Heap before GC invocations=21 (full 0):
 garbage-first heap   total 73728K, used 48436K [0x00000000c1600000, 0x0000000100000000)
  region size 1024K, 9 young (9216K), 2 survivors (2048K)
 Metaspace       used 46639K, committed 46848K, reserved 1114112K
  class space    used 5533K, committed 5632K, reserved 1048576K
}
Event: 19.717 GC heap after
{Heap after GC invocations=22 (full 0):
 garbage-first heap   total 73728K, used 43515K [0x00000000c1600000, 0x0000000100000000)
  region size 1024K, 2 young (2048K), 2 survivors (2048K)
 Metaspace       used 46639K, committed 46848K, reserved 1114112K
  class space    used 5533K, committed 5632K, reserved 1048576K
}
Event: 21.499 GC heap before
{Heap before GC invocations=22 (full 0):
 garbage-first heap   total 73728K, used 54779K [0x00000000c1600000, 0x0000000100000000)
  region size 1024K, 13 young (13312K), 2 survivors (2048K)
 Metaspace       used 48875K, committed 49088K, reserved 1114112K
  class space    used 5774K, committed 5888K, reserved 1048576K
}
Event: 21.512 GC heap after
{Heap after GC invocations=23 (full 0):
 garbage-first heap   total 118784K, used 45359K [0x00000000c1600000, 0x0000000100000000)
  region size 1024K, 2 young (2048K), 2 survivors (2048K)
 Metaspace       used 48875K, committed 49088K, reserved 1114112K
  class space    used 5774K, committed 5888K, reserved 1048576K
}

